This file contains any messages produced by compilers while
running configure, to aid debugging if configure makes a mistake.

It was created by configure, which was
generated by GNU Autoconf 2.63.  Invocation command line was

  $ ./configure --no-create --no-recursion

## --------- ##
## Platform. ##
## --------- ##

hostname = P34V2
uname -m = x86_64
uname -r = 3.19.0-28-generic
uname -s = Linux
uname -v = #30-Ubuntu SMP Mon Aug 31 15:52:51 UTC 2015

/usr/bin/uname -p = unknown
/bin/uname -X     = unknown

/bin/arch              = unknown
/usr/bin/arch -k       = unknown
/usr/convex/getsysinfo = unknown
/usr/bin/hostinfo      = unknown
/bin/machine           = unknown
/usr/bin/oslevel       = unknown
/bin/universe          = unknown

PATH: /usr/local/sbin
PATH: /usr/local/bin
PATH: /usr/sbin
PATH: /usr/bin
PATH: /sbin
PATH: /bin
PATH: /usr/games
PATH: /usr/local/games


## ----------- ##
## Core tests. ##
## ----------- ##

configure:2069: checking for a BSD-compatible install
configure:2137: result: /usr/bin/install -c
configure:2148: checking whether build environment is sane
configure:2191: result: yes
configure:2216: checking for a thread-safe mkdir -p
configure:2255: result: /bin/mkdir -p
configure:2268: checking for gawk
configure:2284: found /usr/bin/gawk
configure:2295: result: gawk
configure:2306: checking whether make sets $(MAKE)
configure:2328: result: yes
configure:2577: checking for g++
configure:2593: found /usr/bin/g++
configure:2604: result: g++
configure:2631: checking for C++ compiler version
configure:2639: g++ --version >&5
g++ (Ubuntu 4.9.2-10ubuntu13) 4.9.2
Copyright (C) 2014 Free Software Foundation, Inc.
This is free software; see the source for copying conditions.  There is NO
warranty; not even for MERCHANTABILITY or FITNESS FOR A PARTICULAR PURPOSE.

configure:2643: $? = 0
configure:2650: g++ -v >&5
Using built-in specs.
COLLECT_GCC=g++
COLLECT_LTO_WRAPPER=/usr/lib/gcc/x86_64-linux-gnu/4.9/lto-wrapper
Target: x86_64-linux-gnu
Configured with: ../src/configure -v --with-pkgversion='Ubuntu 4.9.2-10ubuntu13' --with-bugurl=file:///usr/share/doc/gcc-4.9/README.Bugs --enable-languages=c,c++,java,go,d,fortran,objc,obj-c++ --prefix=/usr --program-suffix=-4.9 --enable-shared --enable-linker-build-id --libexecdir=/usr/lib --without-included-gettext --enable-threads=posix --with-gxx-include-dir=/usr/include/c++/4.9 --libdir=/usr/lib --enable-nls --with-sysroot=/ --enable-clocale=gnu --enable-libstdcxx-debug --enable-libstdcxx-time=yes --enable-gnu-unique-object --disable-vtable-verify --enable-plugin --with-system-zlib --disable-browser-plugin --enable-java-awt=gtk --enable-gtk-cairo --with-java-home=/usr/lib/jvm/java-1.5.0-gcj-4.9-amd64/jre --enable-java-home --with-jvm-root-dir=/usr/lib/jvm/java-1.5.0-gcj-4.9-amd64 --with-jvm-jar-dir=/usr/lib/jvm-exports/java-1.5.0-gcj-4.9-amd64 --with-arch-directory=amd64 --with-ecj-jar=/usr/share/java/eclipse-ecj.jar --enable-objc-gc --enable-multiarch --disable-werror --with-arch-32=i686 --with-abi=m64 --with-multilib-list=m32,m64,mx32 --enable-multilib --with-tune=generic --enable-checking=release --build=x86_64-linux-gnu --host=x86_64-linux-gnu --target=x86_64-linux-gnu
Thread model: posix
gcc version 4.9.2 (Ubuntu 4.9.2-10ubuntu13) 
configure:2654: $? = 0
configure:2661: g++ -V >&5
g++: error: unrecognized command line option '-V'
g++: fatal error: no input files
compilation terminated.
configure:2665: $? = 4
configure:2688: checking for C++ compiler default output file name
configure:2710: g++    conftest.cpp  >&5
configure:2714: $? = 0
configure:2752: result: a.out
configure:2771: checking whether the C++ compiler works
configure:2781: ./a.out
configure:2785: $? = 0
configure:2804: result: yes
configure:2811: checking whether we are cross compiling
configure:2813: result: no
configure:2816: checking for suffix of executables
configure:2823: g++ -o conftest    conftest.cpp  >&5
configure:2827: $? = 0
configure:2853: result: 
configure:2859: checking for suffix of object files
configure:2885: g++ -c   conftest.cpp >&5
configure:2889: $? = 0
configure:2914: result: o
configure:2918: checking whether we are using the GNU C++ compiler
configure:2947: g++ -c   conftest.cpp >&5
configure:2954: $? = 0
configure:2971: result: yes
configure:2980: checking whether g++ accepts -g
configure:3010: g++ -c -g  conftest.cpp >&5
configure:3017: $? = 0
configure:3118: result: yes
configure:3152: checking for style of include used by make
configure:3180: result: GNU
configure:3205: checking dependency style of g++
configure:3296: result: gcc3
configure:3342: checking build system type
configure:3360: result: x86_64-unknown-linux-gnu
configure:3382: checking host system type
configure:3397: result: x86_64-unknown-linux-gnu
configure:3467: checking for gcc
configure:3483: found /usr/bin/gcc
configure:3494: result: gcc
configure:3726: checking for C compiler version
configure:3734: gcc --version >&5
gcc (Ubuntu 4.9.2-10ubuntu13) 4.9.2
Copyright (C) 2014 Free Software Foundation, Inc.
This is free software; see the source for copying conditions.  There is NO
warranty; not even for MERCHANTABILITY or FITNESS FOR A PARTICULAR PURPOSE.

configure:3738: $? = 0
configure:3745: gcc -v >&5
Using built-in specs.
COLLECT_GCC=gcc
COLLECT_LTO_WRAPPER=/usr/lib/gcc/x86_64-linux-gnu/4.9/lto-wrapper
Target: x86_64-linux-gnu
Configured with: ../src/configure -v --with-pkgversion='Ubuntu 4.9.2-10ubuntu13' --with-bugurl=file:///usr/share/doc/gcc-4.9/README.Bugs --enable-languages=c,c++,java,go,d,fortran,objc,obj-c++ --prefix=/usr --program-suffix=-4.9 --enable-shared --enable-linker-build-id --libexecdir=/usr/lib --without-included-gettext --enable-threads=posix --with-gxx-include-dir=/usr/include/c++/4.9 --libdir=/usr/lib --enable-nls --with-sysroot=/ --enable-clocale=gnu --enable-libstdcxx-debug --enable-libstdcxx-time=yes --enable-gnu-unique-object --disable-vtable-verify --enable-plugin --with-system-zlib --disable-browser-plugin --enable-java-awt=gtk --enable-gtk-cairo --with-java-home=/usr/lib/jvm/java-1.5.0-gcj-4.9-amd64/jre --enable-java-home --with-jvm-root-dir=/usr/lib/jvm/java-1.5.0-gcj-4.9-amd64 --with-jvm-jar-dir=/usr/lib/jvm-exports/java-1.5.0-gcj-4.9-amd64 --with-arch-directory=amd64 --with-ecj-jar=/usr/share/java/eclipse-ecj.jar --enable-objc-gc --enable-multiarch --disable-werror --with-arch-32=i686 --with-abi=m64 --with-multilib-list=m32,m64,mx32 --enable-multilib --with-tune=generic --enable-checking=release --build=x86_64-linux-gnu --host=x86_64-linux-gnu --target=x86_64-linux-gnu
Thread model: posix
gcc version 4.9.2 (Ubuntu 4.9.2-10ubuntu13) 
configure:3749: $? = 0
configure:3756: gcc -V >&5
gcc: error: unrecognized command line option '-V'
gcc: fatal error: no input files
compilation terminated.
configure:3760: $? = 4
configure:3763: checking whether we are using the GNU C compiler
configure:3792: gcc -c   conftest.c >&5
configure:3799: $? = 0
configure:3816: result: yes
configure:3825: checking whether gcc accepts -g
configure:3855: gcc -c -g  conftest.c >&5
configure:3862: $? = 0
configure:3963: result: yes
configure:3980: checking for gcc option to accept ISO C89
configure:4054: gcc  -c -g -O2  conftest.c >&5
configure:4061: $? = 0
configure:4084: result: none needed
configure:4104: checking dependency style of gcc
configure:4195: result: gcc3
configure:4210: checking for a sed that does not truncate output
configure:4276: result: /bin/sed
configure:4294: checking for grep that handles long lines and -e
configure:4354: result: /bin/grep
configure:4359: checking for egrep
configure:4423: result: /bin/grep -E
configure:4428: checking for fgrep
configure:4492: result: /bin/grep -F
configure:4527: checking for ld used by gcc
configure:4594: result: /usr/bin/ld
configure:4603: checking if the linker (/usr/bin/ld) is GNU ld
configure:4618: result: yes
configure:4630: checking for BSD- or MS-compatible name lister (nm)
configure:4679: result: /usr/bin/nm -B
configure:4797: checking the name lister (/usr/bin/nm -B) interface
configure:4804: g++ -c -g -O2  conftest.cpp >&5
configure:4807: /usr/bin/nm -B "conftest.o"
configure:4810: output
0000000000000000 B some_variable
configure:4817: result: BSD nm
configure:4820: checking whether ln -s works
configure:4824: result: yes
configure:4832: checking the maximum length of command line arguments
configure:4952: result: 1572864
configure:4969: checking whether the shell understands some XSI constructs
configure:4979: result: yes
configure:4983: checking whether the shell understands "+="
configure:4989: result: yes
configure:5024: checking for /usr/bin/ld option to reload object files
configure:5031: result: -r
configure:5100: checking for objdump
configure:5116: found /usr/bin/objdump
configure:5127: result: objdump
configure:5159: checking how to recognize dependent libraries
configure:5355: result: pass_all
configure:5415: checking for ar
configure:5431: found /usr/bin/ar
configure:5442: result: ar
configure:5520: checking for strip
configure:5536: found /usr/bin/strip
configure:5547: result: strip
configure:5619: checking for ranlib
configure:5635: found /usr/bin/ranlib
configure:5646: result: ranlib
configure:5736: checking command to parse /usr/bin/nm -B output from gcc object
configure:5854: g++ -c -g -O2  conftest.cpp >&5
configure:5857: $? = 0
configure:5861: /usr/bin/nm -B conftest.o \| sed -n -e 's/^.*[	 ]\([ABCDGIRSTW][ABCDGIRSTW]*\)[	 ][	 ]*\([_A-Za-z][_A-Za-z0-9]*\)$/\1 \2 \2/p' \> conftest.nm
configure:5864: $? = 0
configure:5918: g++ -o conftest -g -O2   conftest.cpp conftstm.o >&5
configure:5921: $? = 0
configure:5959: result: ok
configure:6055: g++ -c -g -O2  conftest.cpp >&5
configure:6058: $? = 0
configure:6826: checking how to run the C preprocessor
configure:6866: gcc -E  conftest.c
configure:6873: $? = 0
configure:6904: gcc -E  conftest.c
conftest.c:10:28: fatal error: ac_nonexistent.h: No such file or directory
 #include <ac_nonexistent.h>
                            ^
compilation terminated.
configure:6911: $? = 1
configure: failed program was:
| /* confdefs.h.  */
| #define PACKAGE_NAME ""
| #define PACKAGE_TARNAME ""
| #define PACKAGE_VERSION ""
| #define PACKAGE_STRING ""
| #define PACKAGE_BUGREPORT ""
| #define PACKAGE "LMX"
| #define VERSION "1.0.5"
| /* end confdefs.h.  */
| #include <ac_nonexistent.h>
configure:6944: result: gcc -E
configure:6973: gcc -E  conftest.c
configure:6980: $? = 0
configure:7011: gcc -E  conftest.c
conftest.c:10:28: fatal error: ac_nonexistent.h: No such file or directory
 #include <ac_nonexistent.h>
                            ^
compilation terminated.
configure:7018: $? = 1
configure: failed program was:
| /* confdefs.h.  */
| #define PACKAGE_NAME ""
| #define PACKAGE_TARNAME ""
| #define PACKAGE_VERSION ""
| #define PACKAGE_STRING ""
| #define PACKAGE_BUGREPORT ""
| #define PACKAGE "LMX"
| #define VERSION "1.0.5"
| /* end confdefs.h.  */
| #include <ac_nonexistent.h>
configure:7058: checking for ANSI C header files
configure:7088: gcc -c -g -O2  conftest.c >&5
configure:7095: $? = 0
configure:7194: gcc -o conftest -g -O2   conftest.c  >&5
configure:7198: $? = 0
configure:7204: ./conftest
configure:7208: $? = 0
configure:7226: result: yes
configure:7250: checking for sys/types.h
configure:7271: gcc -c -g -O2  conftest.c >&5
configure:7278: $? = 0
configure:7295: result: yes
configure:7250: checking for sys/stat.h
configure:7271: gcc -c -g -O2  conftest.c >&5
configure:7278: $? = 0
configure:7295: result: yes
configure:7250: checking for stdlib.h
configure:7271: gcc -c -g -O2  conftest.c >&5
configure:7278: $? = 0
configure:7295: result: yes
configure:7250: checking for string.h
configure:7271: gcc -c -g -O2  conftest.c >&5
configure:7278: $? = 0
configure:7295: result: yes
configure:7250: checking for memory.h
configure:7271: gcc -c -g -O2  conftest.c >&5
configure:7278: $? = 0
configure:7295: result: yes
configure:7250: checking for strings.h
configure:7271: gcc -c -g -O2  conftest.c >&5
configure:7278: $? = 0
configure:7295: result: yes
configure:7250: checking for inttypes.h
configure:7271: gcc -c -g -O2  conftest.c >&5
configure:7278: $? = 0
configure:7295: result: yes
configure:7250: checking for stdint.h
configure:7271: gcc -c -g -O2  conftest.c >&5
configure:7278: $? = 0
configure:7295: result: yes
configure:7250: checking for unistd.h
configure:7271: gcc -c -g -O2  conftest.c >&5
configure:7278: $? = 0
configure:7295: result: yes
configure:7313: checking for dlfcn.h
configure:7334: gcc -c -g -O2  conftest.c >&5
configure:7341: $? = 0
configure:7358: result: yes
configure:7485: checking for C++ compiler version
configure:7493: g++ --version >&5
g++ (Ubuntu 4.9.2-10ubuntu13) 4.9.2
Copyright (C) 2014 Free Software Foundation, Inc.
This is free software; see the source for copying conditions.  There is NO
warranty; not even for MERCHANTABILITY or FITNESS FOR A PARTICULAR PURPOSE.

configure:7497: $? = 0
configure:7504: g++ -v >&5
Using built-in specs.
COLLECT_GCC=g++
COLLECT_LTO_WRAPPER=/usr/lib/gcc/x86_64-linux-gnu/4.9/lto-wrapper
Target: x86_64-linux-gnu
Configured with: ../src/configure -v --with-pkgversion='Ubuntu 4.9.2-10ubuntu13' --with-bugurl=file:///usr/share/doc/gcc-4.9/README.Bugs --enable-languages=c,c++,java,go,d,fortran,objc,obj-c++ --prefix=/usr --program-suffix=-4.9 --enable-shared --enable-linker-build-id --libexecdir=/usr/lib --without-included-gettext --enable-threads=posix --with-gxx-include-dir=/usr/include/c++/4.9 --libdir=/usr/lib --enable-nls --with-sysroot=/ --enable-clocale=gnu --enable-libstdcxx-debug --enable-libstdcxx-time=yes --enable-gnu-unique-object --disable-vtable-verify --enable-plugin --with-system-zlib --disable-browser-plugin --enable-java-awt=gtk --enable-gtk-cairo --with-java-home=/usr/lib/jvm/java-1.5.0-gcj-4.9-amd64/jre --enable-java-home --with-jvm-root-dir=/usr/lib/jvm/java-1.5.0-gcj-4.9-amd64 --with-jvm-jar-dir=/usr/lib/jvm-exports/java-1.5.0-gcj-4.9-amd64 --with-arch-directory=amd64 --with-ecj-jar=/usr/share/java/eclipse-ecj.jar --enable-objc-gc --enable-multiarch --disable-werror --with-arch-32=i686 --with-abi=m64 --with-multilib-list=m32,m64,mx32 --enable-multilib --with-tune=generic --enable-checking=release --build=x86_64-linux-gnu --host=x86_64-linux-gnu --target=x86_64-linux-gnu
Thread model: posix
gcc version 4.9.2 (Ubuntu 4.9.2-10ubuntu13) 
configure:7508: $? = 0
configure:7515: g++ -V >&5
g++: error: unrecognized command line option '-V'
g++: fatal error: no input files
compilation terminated.
configure:7519: $? = 4
configure:7522: checking whether we are using the GNU C++ compiler
configure:7575: result: yes
configure:7584: checking whether g++ accepts -g
configure:7722: result: yes
configure:7747: checking dependency style of g++
configure:7838: result: gcc3
configure:7861: checking how to run the C++ preprocessor
configure:7897: g++ -E  conftest.cpp
configure:7904: $? = 0
configure:7935: g++ -E  conftest.cpp
conftest.cpp:21:28: fatal error: ac_nonexistent.h: No such file or directory
 #include <ac_nonexistent.h>
                            ^
compilation terminated.
configure:7942: $? = 1
configure: failed program was:
| /* confdefs.h.  */
| #define PACKAGE_NAME ""
| #define PACKAGE_TARNAME ""
| #define PACKAGE_VERSION ""
| #define PACKAGE_STRING ""
| #define PACKAGE_BUGREPORT ""
| #define PACKAGE "LMX"
| #define VERSION "1.0.5"
| #define STDC_HEADERS 1
| #define HAVE_SYS_TYPES_H 1
| #define HAVE_SYS_STAT_H 1
| #define HAVE_STDLIB_H 1
| #define HAVE_STRING_H 1
| #define HAVE_MEMORY_H 1
| #define HAVE_STRINGS_H 1
| #define HAVE_INTTYPES_H 1
| #define HAVE_STDINT_H 1
| #define HAVE_UNISTD_H 1
| #define HAVE_DLFCN_H 1
| /* end confdefs.h.  */
| #include <ac_nonexistent.h>
configure:7975: result: g++ -E
configure:8004: g++ -E  conftest.cpp
configure:8011: $? = 0
configure:8042: g++ -E  conftest.cpp
conftest.cpp:21:28: fatal error: ac_nonexistent.h: No such file or directory
 #include <ac_nonexistent.h>
                            ^
compilation terminated.
configure:8049: $? = 1
configure: failed program was:
| /* confdefs.h.  */
| #define PACKAGE_NAME ""
| #define PACKAGE_TARNAME ""
| #define PACKAGE_VERSION ""
| #define PACKAGE_STRING ""
| #define PACKAGE_BUGREPORT ""
| #define PACKAGE "LMX"
| #define VERSION "1.0.5"
| #define STDC_HEADERS 1
| #define HAVE_SYS_TYPES_H 1
| #define HAVE_SYS_STAT_H 1
| #define HAVE_STDLIB_H 1
| #define HAVE_STRING_H 1
| #define HAVE_MEMORY_H 1
| #define HAVE_STRINGS_H 1
| #define HAVE_INTTYPES_H 1
| #define HAVE_STDINT_H 1
| #define HAVE_UNISTD_H 1
| #define HAVE_DLFCN_H 1
| /* end confdefs.h.  */
| #include <ac_nonexistent.h>
configure:8263: checking for objdir
configure:8278: result: .libs
configure:8570: checking if gcc supports -fno-rtti -fno-exceptions
configure:8588: gcc -c -g -O2  -fno-rtti -fno-exceptions conftest.c >&5
cc1: warning: command line option '-fno-rtti' is valid for C++/ObjC++ but not for C
configure:8592: $? = 0
configure:8605: result: no
configure:8625: checking for gcc option to produce PIC
configure:8897: result: -fPIC -DPIC
configure:8909: checking if gcc PIC flag -fPIC -DPIC works
configure:8927: gcc -c -g -O2  -fPIC -DPIC -DPIC conftest.c >&5
configure:8931: $? = 0
configure:8944: result: yes
configure:8968: checking if gcc static flag -static works
configure:8996: result: yes
configure:9011: checking if gcc supports -c -o file.o
configure:9032: gcc -c -g -O2  -o out/conftest2.o conftest.c >&5
configure:9036: $? = 0
configure:9058: result: yes
configure:9066: checking if gcc supports -c -o file.o
configure:9113: result: yes
configure:9146: checking whether the gcc linker (/usr/bin/ld -m elf_x86_64) supports shared libraries
configure:10220: result: yes
configure:10257: checking whether -lc should be explicitly linked in
configure:10262: gcc -c -g -O2  conftest.c >&5
configure:10265: $? = 0
configure:10280: gcc -shared conftest.o  -v -Wl,-soname -Wl,conftest -o conftest 2\>\&1 \| /bin/grep  -lc  \>/dev/null 2\>\&1
configure:10283: $? = 0
configure:10295: result: no
configure:10459: checking dynamic linker characteristics
configure:10902: gcc -o conftest -g -O2   -Wl,-rpath -Wl,/foo conftest.c  >&5
configure:10909: $? = 0
configure:11142: result: GNU/Linux ld.so
configure:11244: checking how to hardcode library paths into programs
configure:11269: result: immediate
configure:12102: checking whether stripping libraries is possible
configure:12107: result: yes
configure:12142: checking if libtool supports shared libraries
configure:12144: result: yes
configure:12147: checking whether to build shared libraries
configure:12168: result: yes
configure:12171: checking whether to build static libraries
configure:12175: result: yes
configure:12325: checking for ld used by g++
configure:12392: result: /usr/bin/ld -m elf_x86_64
configure:12401: checking if the linker (/usr/bin/ld -m elf_x86_64) is GNU ld
configure:12416: result: yes
configure:12471: checking whether the g++ linker (/usr/bin/ld -m elf_x86_64) supports shared libraries
configure:13446: result: yes
configure:13474: g++ -c -g -O2  conftest.cpp >&5
configure:13477: $? = 0
configure:13659: checking for g++ option to produce PIC
configure:13976: result: -fPIC -DPIC
configure:13985: checking if g++ PIC flag -fPIC -DPIC works
configure:14003: g++ -c -g -O2  -fPIC -DPIC -DPIC conftest.cpp >&5
configure:14007: $? = 0
configure:14020: result: yes
configure:14041: checking if g++ static flag -static works
configure:14069: result: yes
configure:14081: checking if g++ supports -c -o file.o
configure:14102: g++ -c -g -O2  -o out/conftest2.o conftest.cpp >&5
configure:14106: $? = 0
configure:14128: result: yes
configure:14133: checking if g++ supports -c -o file.o
configure:14180: result: yes
configure:14210: checking whether the g++ linker (/usr/bin/ld -m elf_x86_64) supports shared libraries
configure:14236: result: yes
configure:14373: checking dynamic linker characteristics
configure:14764: g++ -o conftest -g -O2   -Wl,-rpath -Wl,/foo conftest.cpp  >&5
configure:14771: $? = 0
configure:15004: result: GNU/Linux ld.so
configure:15055: checking how to hardcode library paths into programs
configure:15080: result: immediate
configure:15271: creating ./config.status

## ---------------- ##
## Cache variables. ##
## ---------------- ##

ac_cv_build=x86_64-unknown-linux-gnu
ac_cv_c_compiler_gnu=yes
ac_cv_cxx_compiler_gnu=yes
ac_cv_env_CCC_set=
ac_cv_env_CCC_value=
ac_cv_env_CC_set=
ac_cv_env_CC_value=
ac_cv_env_CFLAGS_set=
ac_cv_env_CFLAGS_value=
ac_cv_env_CPPFLAGS_set=
ac_cv_env_CPPFLAGS_value=
ac_cv_env_CPP_set=
ac_cv_env_CPP_value=
ac_cv_env_CXXCPP_set=
ac_cv_env_CXXCPP_value=
ac_cv_env_CXXFLAGS_set=
ac_cv_env_CXXFLAGS_value=
ac_cv_env_CXX_set=
ac_cv_env_CXX_value=
ac_cv_env_LDFLAGS_set=
ac_cv_env_LDFLAGS_value=
ac_cv_env_LIBS_set=
ac_cv_env_LIBS_value=
ac_cv_env_build_alias_set=
ac_cv_env_build_alias_value=
ac_cv_env_host_alias_set=
ac_cv_env_host_alias_value=
ac_cv_env_target_alias_set=
ac_cv_env_target_alias_value=
ac_cv_header_dlfcn_h=yes
ac_cv_header_inttypes_h=yes
ac_cv_header_memory_h=yes
ac_cv_header_stdc=yes
ac_cv_header_stdint_h=yes
ac_cv_header_stdlib_h=yes
ac_cv_header_string_h=yes
ac_cv_header_strings_h=yes
ac_cv_header_sys_stat_h=yes
ac_cv_header_sys_types_h=yes
ac_cv_header_unistd_h=yes
ac_cv_host=x86_64-unknown-linux-gnu
ac_cv_objext=o
ac_cv_path_EGREP='/bin/grep -E'
ac_cv_path_FGREP='/bin/grep -F'
ac_cv_path_GREP=/bin/grep
ac_cv_path_SED=/bin/sed
ac_cv_path_install='/usr/bin/install -c'
ac_cv_path_mkdir=/bin/mkdir
ac_cv_prog_AWK=gawk
ac_cv_prog_CPP='gcc -E'
ac_cv_prog_CXXCPP='g++ -E'
ac_cv_prog_ac_ct_AR=ar
ac_cv_prog_ac_ct_CC=gcc
ac_cv_prog_ac_ct_CXX=g++
ac_cv_prog_ac_ct_OBJDUMP=objdump
ac_cv_prog_ac_ct_RANLIB=ranlib
ac_cv_prog_ac_ct_STRIP=strip
ac_cv_prog_cc_c89=
ac_cv_prog_cc_g=yes
ac_cv_prog_cxx_g=yes
ac_cv_prog_make_make_set=yes
am_cv_CC_dependencies_compiler_type=gcc3
am_cv_CXX_dependencies_compiler_type=gcc3
lt_cv_deplibs_check_method=pass_all
lt_cv_file_magic_cmd='$MAGIC_CMD'
lt_cv_file_magic_test_file=
lt_cv_ld_reload_flag=-r
lt_cv_nm_interface='BSD nm'
lt_cv_objdir=.libs
lt_cv_path_LD=/usr/bin/ld
lt_cv_path_LDCXX='/usr/bin/ld -m elf_x86_64'
lt_cv_path_NM='/usr/bin/nm -B'
lt_cv_prog_compiler_c_o=yes
lt_cv_prog_compiler_c_o_CXX=yes
lt_cv_prog_compiler_pic_works=yes
lt_cv_prog_compiler_pic_works_CXX=yes
lt_cv_prog_compiler_rtti_exceptions=no
lt_cv_prog_compiler_static_works=yes
lt_cv_prog_compiler_static_works_CXX=yes
lt_cv_prog_gnu_ld=yes
lt_cv_prog_gnu_ldcxx=yes
lt_cv_sys_global_symbol_pipe='sed -n -e '\''s/^.*[	 ]\([ABCDGIRSTW][ABCDGIRSTW]*\)[	 ][	 ]*\([_A-Za-z][_A-Za-z0-9]*\)$/\1 \2 \2/p'\'''
lt_cv_sys_global_symbol_to_c_name_address='sed -n -e '\''s/^: \([^ ]*\) $/  {\"\1\", (void *) 0},/p'\'' -e '\''s/^[ABCDGIRSTW]* \([^ ]*\) \([^ ]*\)$/  {"\2", (void *) \&\2},/p'\'''
lt_cv_sys_global_symbol_to_c_name_address_lib_prefix='sed -n -e '\''s/^: \([^ ]*\) $/  {\"\1\", (void *) 0},/p'\'' -e '\''s/^[ABCDGIRSTW]* \([^ ]*\) \(lib[^ ]*\)$/  {"\2", (void *) \&\2},/p'\'' -e '\''s/^[ABCDGIRSTW]* \([^ ]*\) \([^ ]*\)$/  {"lib\2", (void *) \&\2},/p'\'''
lt_cv_sys_global_symbol_to_cdecl='sed -n -e '\''s/^T .* \(.*\)$/extern int \1();/p'\'' -e '\''s/^[ABCDGIRSTW]* .* \(.*\)$/extern char \1;/p'\'''
lt_cv_sys_max_cmd_len=1572864

## ----------------- ##
## Output variables. ##
## ----------------- ##

ACLOCAL='${SHELL} /home/daniel/Dropbox/MkniX_cmake/LMX-1.0/missing --run aclocal-1.10'
AMDEPBACKSLASH='\'
AMDEP_FALSE='#'
AMDEP_TRUE=''
AMTAR='${SHELL} /home/daniel/Dropbox/MkniX_cmake/LMX-1.0/missing --run tar'
AR='ar'
AUTOCONF='${SHELL} /home/daniel/Dropbox/MkniX_cmake/LMX-1.0/missing --run autoconf'
AUTOHEADER='${SHELL} /home/daniel/Dropbox/MkniX_cmake/LMX-1.0/missing --run autoheader'
AUTOMAKE='${SHELL} /home/daniel/Dropbox/MkniX_cmake/LMX-1.0/missing --run automake-1.10'
AWK='gawk'
CC='gcc'
CCDEPMODE='depmode=gcc3'
CFLAGS='-g -O2'
CPP='gcc -E'
CPPFLAGS=''
CXX='g++'
CXXCPP='g++ -E'
CXXDEPMODE='depmode=gcc3'
CXXFLAGS='-g -O2'
CYGPATH_W='echo'
DEFS='-DHAVE_CONFIG_H'
DEPDIR='.deps'
DSYMUTIL=''
DUMPBIN=''
ECHO_C=''
ECHO_N='-n'
ECHO_T=''
EGREP='/bin/grep -E'
EXEEXT=''
FGREP='/bin/grep -F'
GREP='/bin/grep'
INSTALL_DATA='${INSTALL} -m 644'
INSTALL_PROGRAM='${INSTALL}'
INSTALL_SCRIPT='${INSTALL}'
INSTALL_STRIP_PROGRAM='$(install_sh) -c -s'
LD='/usr/bin/ld -m elf_x86_64'
LDFLAGS=''
LIBOBJS=''
LIBS=''
LIBTOOL='$(SHELL) $(top_builddir)/libtool'
LIPO=''
LN_S='ln -s'
LTLIBOBJS=''
MAKEINFO='${SHELL} /home/daniel/Dropbox/MkniX_cmake/LMX-1.0/missing --run makeinfo'
MKDIR_P='/bin/mkdir -p'
NM='/usr/bin/nm -B'
NMEDIT=''
OBJDUMP='objdump'
OBJEXT='o'
OTOOL64=''
OTOOL=''
PACKAGE='LMX'
PACKAGE_BUGREPORT=''
PACKAGE_NAME=''
PACKAGE_STRING=''
PACKAGE_TARNAME=''
PACKAGE_VERSION=''
PATH_SEPARATOR=':'
RANLIB='ranlib'
SED='/bin/sed'
SET_MAKE=''
SHELL='/bin/bash'
STRIP='strip'
VERSION='1.0.5'
ac_ct_CC='gcc'
ac_ct_CXX='g++'
ac_ct_DUMPBIN=''
am__fastdepCC_FALSE='#'
am__fastdepCC_TRUE=''
am__fastdepCXX_FALSE='#'
am__fastdepCXX_TRUE=''
am__include='include'
am__isrc=''
am__leading_dot='.'
am__quote=''
am__tar='${AMTAR} chof - "$$tardir"'
am__untar='${AMTAR} xf -'
bindir='${exec_prefix}/bin'
build='x86_64-unknown-linux-gnu'
build_alias=''
build_cpu='x86_64'
build_os='linux-gnu'
build_vendor='unknown'
datadir='${datarootdir}'
datarootdir='${prefix}/share'
docdir='${datarootdir}/doc/${PACKAGE}'
dvidir='${docdir}'
exec_prefix='${prefix}'
host='x86_64-unknown-linux-gnu'
host_alias=''
host_cpu='x86_64'
host_os='linux-gnu'
host_vendor='unknown'
htmldir='${docdir}'
includedir='${prefix}/include'
infodir='${datarootdir}/info'
install_sh='$(SHELL) /home/daniel/Dropbox/MkniX_cmake/LMX-1.0/install-sh'
libdir='${exec_prefix}/lib'
libexecdir='${exec_prefix}/libexec'
localedir='${datarootdir}/locale'
localstatedir='${prefix}/var'
lt_ECHO='echo'
mandir='${datarootdir}/man'
mkdir_p='/bin/mkdir -p'
oldincludedir='/usr/include'
pdfdir='${docdir}'
prefix='/usr/local'
program_transform_name='s,x,x,'
psdir='${docdir}'
sbindir='${exec_prefix}/sbin'
sharedstatedir='${prefix}/com'
sysconfdir='${prefix}/etc'
target_alias=''

## ----------- ##
## confdefs.h. ##
## ----------- ##

#define PACKAGE_NAME ""
#define PACKAGE_TARNAME ""
#define PACKAGE_VERSION ""
#define PACKAGE_STRING ""
#define PACKAGE_BUGREPORT ""
#define PACKAGE "LMX"
#define VERSION "1.0.5"
#define STDC_HEADERS 1
#define HAVE_SYS_TYPES_H 1
#define HAVE_SYS_STAT_H 1
#define HAVE_STDLIB_H 1
#define HAVE_STRING_H 1
#define HAVE_MEMORY_H 1
#define HAVE_STRINGS_H 1
#define HAVE_INTTYPES_H 1
#define HAVE_STDINT_H 1
#define HAVE_UNISTD_H 1
#define HAVE_DLFCN_H 1
#define LT_OBJDIR ".libs/"

configure: exit 0

## ---------------------- ##
## Running config.status. ##
## ---------------------- ##

This file was extended by config.status, which was
generated by GNU Autoconf 2.63.  Invocation command line was

  CONFIG_FILES    = 
  CONFIG_HEADERS  = 
  CONFIG_LINKS    = 
  CONFIG_COMMANDS = 
  $ ./config.status 

on P34V2

config.status:1048: creating Makefile
config.status:1048: creating src/Makefile
config.status:1048: creating tests/Makefile
config.status:1048: creating src/LMX/Makefile
config.status:1048: creating tests/lapack/Makefile
config.status:1048: creating tests/gmm/Makefile
config.status:1048: creating config.h
config.status:1270: config.h is unchanged
config.status:1322: executing depfiles commands
config.status:1322: executing libtool commands

## ---------------------- ##
## Running config.status. ##
## ---------------------- ##

This file was extended by config.status, which was
generated by GNU Autoconf 2.63.  Invocation command line was

  CONFIG_FILES    = 
  CONFIG_HEADERS  = 
  CONFIG_LINKS    = 
  CONFIG_COMMANDS = 
  $ ./config.status src/LMX/Makefile

on P34V2

config.status:1048: creating src/LMX/Makefile
