\BOOKMARK [1][-]{section.1}{\376\377\000N\000a\000m\000e\000s\000p\000a\000c\000e\000\040\000I\000n\000d\000e\000x}{}% 1
\BOOKMARK [2][-]{subsection.1.1}{\376\377\000N\000a\000m\000e\000s\000p\000a\000c\000e\000\040\000L\000i\000s\000t}{section.1}% 2
\BOOKMARK [1][-]{section.2}{\376\377\000H\000i\000e\000r\000a\000r\000c\000h\000i\000c\000a\000l\000\040\000I\000n\000d\000e\000x}{}% 3
\BOOKMARK [2][-]{subsection.2.1}{\376\377\000C\000l\000a\000s\000s\000\040\000H\000i\000e\000r\000a\000r\000c\000h\000y}{section.2}% 4
\BOOKMARK [1][-]{section.3}{\376\377\000C\000l\000a\000s\000s\000\040\000I\000n\000d\000e\000x}{}% 5
\BOOKMARK [2][-]{subsection.3.1}{\376\377\000C\000l\000a\000s\000s\000\040\000L\000i\000s\000t}{section.3}% 6
\BOOKMARK [1][-]{section.4}{\376\377\000F\000i\000l\000e\000\040\000I\000n\000d\000e\000x}{}% 7
\BOOKMARK [2][-]{subsection.4.1}{\376\377\000F\000i\000l\000e\000\040\000L\000i\000s\000t}{section.4}% 8
\BOOKMARK [1][-]{section.5}{\376\377\000N\000a\000m\000e\000s\000p\000a\000c\000e\000\040\000D\000o\000c\000u\000m\000e\000n\000t\000a\000t\000i\000o\000n}{}% 9
\BOOKMARK [2][-]{subsection.5.1}{\376\377\000m\000k\000n\000i\000x\000\040\000N\000a\000m\000e\000s\000p\000a\000c\000e\000\040\000R\000e\000f\000e\000r\000e\000n\000c\000e}{section.5}% 10
\BOOKMARK [3][-]{subsubsection.5.1.1}{\376\377\000D\000e\000t\000a\000i\000l\000e\000d\000\040\000D\000e\000s\000c\000r\000i\000p\000t\000i\000o\000n}{subsection.5.1}% 11
\BOOKMARK [3][-]{subsubsection.5.1.2}{\376\377\000T\000y\000p\000e\000d\000e\000f\000\040\000D\000o\000c\000u\000m\000e\000n\000t\000a\000t\000i\000o\000n}{subsection.5.1}% 12
\BOOKMARK [1][-]{section.6}{\376\377\000C\000l\000a\000s\000s\000\040\000D\000o\000c\000u\000m\000e\000n\000t\000a\000t\000i\000o\000n}{}% 13
\BOOKMARK [2][-]{subsection.6.1}{\376\377\000m\000k\000n\000i\000x\000:\000:\000A\000n\000a\000l\000y\000s\000i\000s\000\040\000C\000l\000a\000s\000s\000\040\000R\000e\000f\000e\000r\000e\000n\000c\000e}{section.6}% 14
\BOOKMARK [3][-]{subsubsection.6.1.1}{\376\377\000D\000e\000t\000a\000i\000l\000e\000d\000\040\000D\000e\000s\000c\000r\000i\000p\000t\000i\000o\000n}{subsection.6.1}% 15
\BOOKMARK [3][-]{subsubsection.6.1.2}{\376\377\000C\000o\000n\000s\000t\000r\000u\000c\000t\000o\000r\000\040\000\046\000\040\000D\000e\000s\000t\000r\000u\000c\000t\000o\000r\000\040\000D\000o\000c\000u\000m\000e\000n\000t\000a\000t\000i\000o\000n}{subsection.6.1}% 16
\BOOKMARK [3][-]{subsubsection.6.1.3}{\376\377\000M\000e\000m\000b\000e\000r\000\040\000F\000u\000n\000c\000t\000i\000o\000n\000\040\000D\000o\000c\000u\000m\000e\000n\000t\000a\000t\000i\000o\000n}{subsection.6.1}% 17
\BOOKMARK [3][-]{subsubsection.6.1.4}{\376\377\000M\000e\000m\000b\000e\000r\000\040\000D\000a\000t\000a\000\040\000D\000o\000c\000u\000m\000e\000n\000t\000a\000t\000i\000o\000n}{subsection.6.1}% 18
\BOOKMARK [2][-]{subsection.6.2}{\376\377\000m\000k\000n\000i\000x\000:\000:\000A\000n\000a\000l\000y\000s\000i\000s\000D\000y\000n\000a\000m\000i\000c\000\040\000C\000l\000a\000s\000s\000\040\000R\000e\000f\000e\000r\000e\000n\000c\000e}{section.6}% 19
\BOOKMARK [3][-]{subsubsection.6.2.1}{\376\377\000D\000e\000t\000a\000i\000l\000e\000d\000\040\000D\000e\000s\000c\000r\000i\000p\000t\000i\000o\000n}{subsection.6.2}% 20
\BOOKMARK [3][-]{subsubsection.6.2.2}{\376\377\000C\000o\000n\000s\000t\000r\000u\000c\000t\000o\000r\000\040\000\046\000\040\000D\000e\000s\000t\000r\000u\000c\000t\000o\000r\000\040\000D\000o\000c\000u\000m\000e\000n\000t\000a\000t\000i\000o\000n}{subsection.6.2}% 21
\BOOKMARK [3][-]{subsubsection.6.2.3}{\376\377\000M\000e\000m\000b\000e\000r\000\040\000F\000u\000n\000c\000t\000i\000o\000n\000\040\000D\000o\000c\000u\000m\000e\000n\000t\000a\000t\000i\000o\000n}{subsection.6.2}% 22
\BOOKMARK [2][-]{subsection.6.3}{\376\377\000m\000k\000n\000i\000x\000:\000:\000A\000n\000a\000l\000y\000s\000i\000s\000S\000t\000a\000t\000i\000c\000\040\000C\000l\000a\000s\000s\000\040\000R\000e\000f\000e\000r\000e\000n\000c\000e}{section.6}% 23
\BOOKMARK [3][-]{subsubsection.6.3.1}{\376\377\000D\000e\000t\000a\000i\000l\000e\000d\000\040\000D\000e\000s\000c\000r\000i\000p\000t\000i\000o\000n}{subsection.6.3}% 24
\BOOKMARK [3][-]{subsubsection.6.3.2}{\376\377\000C\000o\000n\000s\000t\000r\000u\000c\000t\000o\000r\000\040\000\046\000\040\000D\000e\000s\000t\000r\000u\000c\000t\000o\000r\000\040\000D\000o\000c\000u\000m\000e\000n\000t\000a\000t\000i\000o\000n}{subsection.6.3}% 25
\BOOKMARK [3][-]{subsubsection.6.3.3}{\376\377\000M\000e\000m\000b\000e\000r\000\040\000F\000u\000n\000c\000t\000i\000o\000n\000\040\000D\000o\000c\000u\000m\000e\000n\000t\000a\000t\000i\000o\000n}{subsection.6.3}% 26
\BOOKMARK [2][-]{subsection.6.4}{\376\377\000m\000k\000n\000i\000x\000:\000:\000A\000n\000a\000l\000y\000s\000i\000s\000T\000h\000e\000r\000m\000a\000l\000D\000y\000n\000a\000m\000i\000c\000\040\000C\000l\000a\000s\000s\000\040\000R\000e\000f\000e\000r\000e\000n\000c\000e}{section.6}% 27
\BOOKMARK [3][-]{subsubsection.6.4.1}{\376\377\000D\000e\000t\000a\000i\000l\000e\000d\000\040\000D\000e\000s\000c\000r\000i\000p\000t\000i\000o\000n}{subsection.6.4}% 28
\BOOKMARK [3][-]{subsubsection.6.4.2}{\376\377\000C\000o\000n\000s\000t\000r\000u\000c\000t\000o\000r\000\040\000\046\000\040\000D\000e\000s\000t\000r\000u\000c\000t\000o\000r\000\040\000D\000o\000c\000u\000m\000e\000n\000t\000a\000t\000i\000o\000n}{subsection.6.4}% 29
\BOOKMARK [3][-]{subsubsection.6.4.3}{\376\377\000M\000e\000m\000b\000e\000r\000\040\000F\000u\000n\000c\000t\000i\000o\000n\000\040\000D\000o\000c\000u\000m\000e\000n\000t\000a\000t\000i\000o\000n}{subsection.6.4}% 30
\BOOKMARK [2][-]{subsection.6.5}{\376\377\000m\000k\000n\000i\000x\000:\000:\000A\000n\000a\000l\000y\000s\000i\000s\000T\000h\000e\000r\000m\000a\000l\000S\000t\000a\000t\000i\000c\000\040\000C\000l\000a\000s\000s\000\040\000R\000e\000f\000e\000r\000e\000n\000c\000e}{section.6}% 31
\BOOKMARK [3][-]{subsubsection.6.5.1}{\376\377\000D\000e\000t\000a\000i\000l\000e\000d\000\040\000D\000e\000s\000c\000r\000i\000p\000t\000i\000o\000n}{subsection.6.5}% 32
\BOOKMARK [3][-]{subsubsection.6.5.2}{\376\377\000C\000o\000n\000s\000t\000r\000u\000c\000t\000o\000r\000\040\000\046\000\040\000D\000e\000s\000t\000r\000u\000c\000t\000o\000r\000\040\000D\000o\000c\000u\000m\000e\000n\000t\000a\000t\000i\000o\000n}{subsection.6.5}% 33
\BOOKMARK [3][-]{subsubsection.6.5.3}{\376\377\000M\000e\000m\000b\000e\000r\000\040\000F\000u\000n\000c\000t\000i\000o\000n\000\040\000D\000o\000c\000u\000m\000e\000n\000t\000a\000t\000i\000o\000n}{subsection.6.5}% 34
\BOOKMARK [2][-]{subsection.6.6}{\376\377\000m\000k\000n\000i\000x\000:\000:\000B\000o\000d\000y\000\040\000C\000l\000a\000s\000s\000\040\000R\000e\000f\000e\000r\000e\000n\000c\000e}{section.6}% 35
\BOOKMARK [3][-]{subsubsection.6.6.1}{\376\377\000D\000e\000t\000a\000i\000l\000e\000d\000\040\000D\000e\000s\000c\000r\000i\000p\000t\000i\000o\000n}{subsection.6.6}% 36
\BOOKMARK [3][-]{subsubsection.6.6.2}{\376\377\000C\000o\000n\000s\000t\000r\000u\000c\000t\000o\000r\000\040\000\046\000\040\000D\000e\000s\000t\000r\000u\000c\000t\000o\000r\000\040\000D\000o\000c\000u\000m\000e\000n\000t\000a\000t\000i\000o\000n}{subsection.6.6}% 37
\BOOKMARK [3][-]{subsubsection.6.6.3}{\376\377\000M\000e\000m\000b\000e\000r\000\040\000F\000u\000n\000c\000t\000i\000o\000n\000\040\000D\000o\000c\000u\000m\000e\000n\000t\000a\000t\000i\000o\000n}{subsection.6.6}% 38
\BOOKMARK [3][-]{subsubsection.6.6.4}{\376\377\000M\000e\000m\000b\000e\000r\000\040\000D\000a\000t\000a\000\040\000D\000o\000c\000u\000m\000e\000n\000t\000a\000t\000i\000o\000n}{subsection.6.6}% 39
\BOOKMARK [2][-]{subsection.6.7}{\376\377\000m\000k\000n\000i\000x\000:\000:\000C\000e\000l\000l\000\040\000C\000l\000a\000s\000s\000\040\000R\000e\000f\000e\000r\000e\000n\000c\000e}{section.6}% 40
\BOOKMARK [3][-]{subsubsection.6.7.1}{\376\377\000D\000e\000t\000a\000i\000l\000e\000d\000\040\000D\000e\000s\000c\000r\000i\000p\000t\000i\000o\000n}{subsection.6.7}% 41
\BOOKMARK [3][-]{subsubsection.6.7.2}{\376\377\000C\000o\000n\000s\000t\000r\000u\000c\000t\000o\000r\000\040\000\046\000\040\000D\000e\000s\000t\000r\000u\000c\000t\000o\000r\000\040\000D\000o\000c\000u\000m\000e\000n\000t\000a\000t\000i\000o\000n}{subsection.6.7}% 42
\BOOKMARK [3][-]{subsubsection.6.7.3}{\376\377\000M\000e\000m\000b\000e\000r\000\040\000F\000u\000n\000c\000t\000i\000o\000n\000\040\000D\000o\000c\000u\000m\000e\000n\000t\000a\000t\000i\000o\000n}{subsection.6.7}% 43
\BOOKMARK [3][-]{subsubsection.6.7.4}{\376\377\000M\000e\000m\000b\000e\000r\000\040\000D\000a\000t\000a\000\040\000D\000o\000c\000u\000m\000e\000n\000t\000a\000t\000i\000o\000n}{subsection.6.7}% 44
\BOOKMARK [2][-]{subsection.6.8}{\376\377\000m\000k\000n\000i\000x\000:\000:\000C\000e\000l\000l\000R\000e\000c\000t\000\040\000C\000l\000a\000s\000s\000\040\000R\000e\000f\000e\000r\000e\000n\000c\000e}{section.6}% 45
\BOOKMARK [3][-]{subsubsection.6.8.1}{\376\377\000D\000e\000t\000a\000i\000l\000e\000d\000\040\000D\000e\000s\000c\000r\000i\000p\000t\000i\000o\000n}{subsection.6.8}% 46
\BOOKMARK [3][-]{subsubsection.6.8.2}{\376\377\000C\000o\000n\000s\000t\000r\000u\000c\000t\000o\000r\000\040\000\046\000\040\000D\000e\000s\000t\000r\000u\000c\000t\000o\000r\000\040\000D\000o\000c\000u\000m\000e\000n\000t\000a\000t\000i\000o\000n}{subsection.6.8}% 47
\BOOKMARK [3][-]{subsubsection.6.8.3}{\376\377\000M\000e\000m\000b\000e\000r\000\040\000F\000u\000n\000c\000t\000i\000o\000n\000\040\000D\000o\000c\000u\000m\000e\000n\000t\000a\000t\000i\000o\000n}{subsection.6.8}% 48
\BOOKMARK [2][-]{subsection.6.9}{\376\377\000m\000k\000n\000i\000x\000:\000:\000C\000e\000l\000l\000T\000e\000t\000r\000a\000h\000e\000d\000r\000o\000n\000\040\000C\000l\000a\000s\000s\000\040\000R\000e\000f\000e\000r\000e\000n\000c\000e}{section.6}% 49
\BOOKMARK [3][-]{subsubsection.6.9.1}{\376\377\000D\000e\000t\000a\000i\000l\000e\000d\000\040\000D\000e\000s\000c\000r\000i\000p\000t\000i\000o\000n}{subsection.6.9}% 50
\BOOKMARK [3][-]{subsubsection.6.9.2}{\376\377\000C\000o\000n\000s\000t\000r\000u\000c\000t\000o\000r\000\040\000\046\000\040\000D\000e\000s\000t\000r\000u\000c\000t\000o\000r\000\040\000D\000o\000c\000u\000m\000e\000n\000t\000a\000t\000i\000o\000n}{subsection.6.9}% 51
\BOOKMARK [3][-]{subsubsection.6.9.3}{\376\377\000M\000e\000m\000b\000e\000r\000\040\000F\000u\000n\000c\000t\000i\000o\000n\000\040\000D\000o\000c\000u\000m\000e\000n\000t\000a\000t\000i\000o\000n}{subsection.6.9}% 52
\BOOKMARK [3][-]{subsubsection.6.9.4}{\376\377\000M\000e\000m\000b\000e\000r\000\040\000D\000a\000t\000a\000\040\000D\000o\000c\000u\000m\000e\000n\000t\000a\000t\000i\000o\000n}{subsection.6.9}% 53
\BOOKMARK [2][-]{subsection.6.10}{\376\377\000m\000k\000n\000i\000x\000:\000:\000C\000e\000l\000l\000T\000r\000i\000a\000n\000g\000\040\000C\000l\000a\000s\000s\000\040\000R\000e\000f\000e\000r\000e\000n\000c\000e}{section.6}% 54
\BOOKMARK [3][-]{subsubsection.6.10.1}{\376\377\000D\000e\000t\000a\000i\000l\000e\000d\000\040\000D\000e\000s\000c\000r\000i\000p\000t\000i\000o\000n}{subsection.6.10}% 55
\BOOKMARK [3][-]{subsubsection.6.10.2}{\376\377\000C\000o\000n\000s\000t\000r\000u\000c\000t\000o\000r\000\040\000\046\000\040\000D\000e\000s\000t\000r\000u\000c\000t\000o\000r\000\040\000D\000o\000c\000u\000m\000e\000n\000t\000a\000t\000i\000o\000n}{subsection.6.10}% 56
\BOOKMARK [3][-]{subsubsection.6.10.3}{\376\377\000M\000e\000m\000b\000e\000r\000\040\000F\000u\000n\000c\000t\000i\000o\000n\000\040\000D\000o\000c\000u\000m\000e\000n\000t\000a\000t\000i\000o\000n}{subsection.6.10}% 57
\BOOKMARK [3][-]{subsubsection.6.10.4}{\376\377\000M\000e\000m\000b\000e\000r\000\040\000D\000a\000t\000a\000\040\000D\000o\000c\000u\000m\000e\000n\000t\000a\000t\000i\000o\000n}{subsection.6.10}% 58
\BOOKMARK [2][-]{subsection.6.11}{\376\377\000m\000k\000n\000i\000x\000:\000:\000C\000o\000m\000p\000B\000a\000r\000\040\000C\000l\000a\000s\000s\000\040\000R\000e\000f\000e\000r\000e\000n\000c\000e}{section.6}% 59
\BOOKMARK [3][-]{subsubsection.6.11.1}{\376\377\000C\000o\000n\000s\000t\000r\000u\000c\000t\000o\000r\000\040\000\046\000\040\000D\000e\000s\000t\000r\000u\000c\000t\000o\000r\000\040\000D\000o\000c\000u\000m\000e\000n\000t\000a\000t\000i\000o\000n}{subsection.6.11}% 60
\BOOKMARK [3][-]{subsubsection.6.11.2}{\376\377\000M\000e\000m\000b\000e\000r\000\040\000F\000u\000n\000c\000t\000i\000o\000n\000\040\000D\000o\000c\000u\000m\000e\000n\000t\000a\000t\000i\000o\000n}{subsection.6.11}% 61
\BOOKMARK [2][-]{subsection.6.12}{\376\377\000m\000k\000n\000i\000x\000:\000:\000C\000o\000n\000s\000t\000r\000a\000i\000n\000t\000\040\000C\000l\000a\000s\000s\000\040\000R\000e\000f\000e\000r\000e\000n\000c\000e}{section.6}% 62
\BOOKMARK [3][-]{subsubsection.6.12.1}{\376\377\000D\000e\000t\000a\000i\000l\000e\000d\000\040\000D\000e\000s\000c\000r\000i\000p\000t\000i\000o\000n}{subsection.6.12}% 63
\BOOKMARK [3][-]{subsubsection.6.12.2}{\376\377\000C\000o\000n\000s\000t\000r\000u\000c\000t\000o\000r\000\040\000\046\000\040\000D\000e\000s\000t\000r\000u\000c\000t\000o\000r\000\040\000D\000o\000c\000u\000m\000e\000n\000t\000a\000t\000i\000o\000n}{subsection.6.12}% 64
\BOOKMARK [3][-]{subsubsection.6.12.3}{\376\377\000M\000e\000m\000b\000e\000r\000\040\000F\000u\000n\000c\000t\000i\000o\000n\000\040\000D\000o\000c\000u\000m\000e\000n\000t\000a\000t\000i\000o\000n}{subsection.6.12}% 65
\BOOKMARK [3][-]{subsubsection.6.12.4}{\376\377\000M\000e\000m\000b\000e\000r\000\040\000D\000a\000t\000a\000\040\000D\000o\000c\000u\000m\000e\000n\000t\000a\000t\000i\000o\000n}{subsection.6.12}% 66
\BOOKMARK [2][-]{subsection.6.13}{\376\377\000m\000k\000n\000i\000x\000:\000:\000C\000o\000n\000s\000t\000r\000a\000i\000n\000t\000C\000l\000e\000a\000r\000a\000n\000c\000e\000\040\000C\000l\000a\000s\000s\000\040\000R\000e\000f\000e\000r\000e\000n\000c\000e}{section.6}% 67
\BOOKMARK [3][-]{subsubsection.6.13.1}{\376\377\000D\000e\000t\000a\000i\000l\000e\000d\000\040\000D\000e\000s\000c\000r\000i\000p\000t\000i\000o\000n}{subsection.6.13}% 68
\BOOKMARK [3][-]{subsubsection.6.13.2}{\376\377\000C\000o\000n\000s\000t\000r\000u\000c\000t\000o\000r\000\040\000\046\000\040\000D\000e\000s\000t\000r\000u\000c\000t\000o\000r\000\040\000D\000o\000c\000u\000m\000e\000n\000t\000a\000t\000i\000o\000n}{subsection.6.13}% 69
\BOOKMARK [3][-]{subsubsection.6.13.3}{\376\377\000M\000e\000m\000b\000e\000r\000\040\000F\000u\000n\000c\000t\000i\000o\000n\000\040\000D\000o\000c\000u\000m\000e\000n\000t\000a\000t\000i\000o\000n}{subsection.6.13}% 70
\BOOKMARK [3][-]{subsubsection.6.13.4}{\376\377\000M\000e\000m\000b\000e\000r\000\040\000D\000a\000t\000a\000\040\000D\000o\000c\000u\000m\000e\000n\000t\000a\000t\000i\000o\000n}{subsection.6.13}% 71
\BOOKMARK [2][-]{subsection.6.14}{\376\377\000m\000k\000n\000i\000x\000:\000:\000C\000o\000n\000s\000t\000r\000a\000i\000n\000t\000C\000o\000n\000t\000a\000c\000t\000\040\000C\000l\000a\000s\000s\000\040\000R\000e\000f\000e\000r\000e\000n\000c\000e}{section.6}% 72
\BOOKMARK [3][-]{subsubsection.6.14.1}{\376\377\000D\000e\000t\000a\000i\000l\000e\000d\000\040\000D\000e\000s\000c\000r\000i\000p\000t\000i\000o\000n}{subsection.6.14}% 73
\BOOKMARK [3][-]{subsubsection.6.14.2}{\376\377\000C\000o\000n\000s\000t\000r\000u\000c\000t\000o\000r\000\040\000\046\000\040\000D\000e\000s\000t\000r\000u\000c\000t\000o\000r\000\040\000D\000o\000c\000u\000m\000e\000n\000t\000a\000t\000i\000o\000n}{subsection.6.14}% 74
\BOOKMARK [3][-]{subsubsection.6.14.3}{\376\377\000M\000e\000m\000b\000e\000r\000\040\000F\000u\000n\000c\000t\000i\000o\000n\000\040\000D\000o\000c\000u\000m\000e\000n\000t\000a\000t\000i\000o\000n}{subsection.6.14}% 75
\BOOKMARK [3][-]{subsubsection.6.14.4}{\376\377\000M\000e\000m\000b\000e\000r\000\040\000D\000a\000t\000a\000\040\000D\000o\000c\000u\000m\000e\000n\000t\000a\000t\000i\000o\000n}{subsection.6.14}% 76
\BOOKMARK [2][-]{subsection.6.15}{\376\377\000m\000k\000n\000i\000x\000:\000:\000C\000o\000n\000s\000t\000r\000a\000i\000n\000t\000D\000i\000s\000t\000a\000n\000c\000e\000\040\000C\000l\000a\000s\000s\000\040\000R\000e\000f\000e\000r\000e\000n\000c\000e}{section.6}% 77
\BOOKMARK [3][-]{subsubsection.6.15.1}{\376\377\000D\000e\000t\000a\000i\000l\000e\000d\000\040\000D\000e\000s\000c\000r\000i\000p\000t\000i\000o\000n}{subsection.6.15}% 78
\BOOKMARK [3][-]{subsubsection.6.15.2}{\376\377\000C\000o\000n\000s\000t\000r\000u\000c\000t\000o\000r\000\040\000\046\000\040\000D\000e\000s\000t\000r\000u\000c\000t\000o\000r\000\040\000D\000o\000c\000u\000m\000e\000n\000t\000a\000t\000i\000o\000n}{subsection.6.15}% 79
\BOOKMARK [3][-]{subsubsection.6.15.3}{\376\377\000M\000e\000m\000b\000e\000r\000\040\000F\000u\000n\000c\000t\000i\000o\000n\000\040\000D\000o\000c\000u\000m\000e\000n\000t\000a\000t\000i\000o\000n}{subsection.6.15}% 80
\BOOKMARK [3][-]{subsubsection.6.15.4}{\376\377\000M\000e\000m\000b\000e\000r\000\040\000D\000a\000t\000a\000\040\000D\000o\000c\000u\000m\000e\000n\000t\000a\000t\000i\000o\000n}{subsection.6.15}% 81
\BOOKMARK [2][-]{subsection.6.16}{\376\377\000m\000k\000n\000i\000x\000:\000:\000C\000o\000n\000s\000t\000r\000a\000i\000n\000t\000F\000i\000x\000e\000d\000A\000x\000i\000s\000\040\000C\000l\000a\000s\000s\000\040\000R\000e\000f\000e\000r\000e\000n\000c\000e}{section.6}% 82
\BOOKMARK [3][-]{subsubsection.6.16.1}{\376\377\000D\000e\000t\000a\000i\000l\000e\000d\000\040\000D\000e\000s\000c\000r\000i\000p\000t\000i\000o\000n}{subsection.6.16}% 83
\BOOKMARK [3][-]{subsubsection.6.16.2}{\376\377\000C\000o\000n\000s\000t\000r\000u\000c\000t\000o\000r\000\040\000\046\000\040\000D\000e\000s\000t\000r\000u\000c\000t\000o\000r\000\040\000D\000o\000c\000u\000m\000e\000n\000t\000a\000t\000i\000o\000n}{subsection.6.16}% 84
\BOOKMARK [3][-]{subsubsection.6.16.3}{\376\377\000M\000e\000m\000b\000e\000r\000\040\000F\000u\000n\000c\000t\000i\000o\000n\000\040\000D\000o\000c\000u\000m\000e\000n\000t\000a\000t\000i\000o\000n}{subsection.6.16}% 85
\BOOKMARK [3][-]{subsubsection.6.16.4}{\376\377\000M\000e\000m\000b\000e\000r\000\040\000D\000a\000t\000a\000\040\000D\000o\000c\000u\000m\000e\000n\000t\000a\000t\000i\000o\000n}{subsection.6.16}% 86
\BOOKMARK [2][-]{subsection.6.17}{\376\377\000m\000k\000n\000i\000x\000:\000:\000C\000o\000n\000s\000t\000r\000a\000i\000n\000t\000F\000i\000x\000e\000d\000C\000o\000o\000r\000d\000i\000n\000a\000t\000e\000s\000\040\000C\000l\000a\000s\000s\000\040\000R\000e\000f\000e\000r\000e\000n\000c\000e}{section.6}% 87
\BOOKMARK [3][-]{subsubsection.6.17.1}{\376\377\000D\000e\000t\000a\000i\000l\000e\000d\000\040\000D\000e\000s\000c\000r\000i\000p\000t\000i\000o\000n}{subsection.6.17}% 88
\BOOKMARK [3][-]{subsubsection.6.17.2}{\376\377\000C\000o\000n\000s\000t\000r\000u\000c\000t\000o\000r\000\040\000\046\000\040\000D\000e\000s\000t\000r\000u\000c\000t\000o\000r\000\040\000D\000o\000c\000u\000m\000e\000n\000t\000a\000t\000i\000o\000n}{subsection.6.17}% 89
\BOOKMARK [3][-]{subsubsection.6.17.3}{\376\377\000M\000e\000m\000b\000e\000r\000\040\000F\000u\000n\000c\000t\000i\000o\000n\000\040\000D\000o\000c\000u\000m\000e\000n\000t\000a\000t\000i\000o\000n}{subsection.6.17}% 90
\BOOKMARK [3][-]{subsubsection.6.17.4}{\376\377\000M\000e\000m\000b\000e\000r\000\040\000D\000a\000t\000a\000\040\000D\000o\000c\000u\000m\000e\000n\000t\000a\000t\000i\000o\000n}{subsection.6.17}% 91
\BOOKMARK [2][-]{subsection.6.18}{\376\377\000m\000k\000n\000i\000x\000:\000:\000C\000o\000n\000t\000a\000c\000t\000\040\000C\000l\000a\000s\000s\000\040\000R\000e\000f\000e\000r\000e\000n\000c\000e}{section.6}% 92
\BOOKMARK [3][-]{subsubsection.6.18.1}{\376\377\000C\000o\000n\000s\000t\000r\000u\000c\000t\000o\000r\000\040\000\046\000\040\000D\000e\000s\000t\000r\000u\000c\000t\000o\000r\000\040\000D\000o\000c\000u\000m\000e\000n\000t\000a\000t\000i\000o\000n}{subsection.6.18}% 93
\BOOKMARK [3][-]{subsubsection.6.18.2}{\376\377\000M\000e\000m\000b\000e\000r\000\040\000F\000u\000n\000c\000t\000i\000o\000n\000\040\000D\000o\000c\000u\000m\000e\000n\000t\000a\000t\000i\000o\000n}{subsection.6.18}% 94
\BOOKMARK [2][-]{subsection.6.19}{\376\377\000m\000k\000n\000i\000x\000:\000:\000E\000l\000e\000m\000T\000e\000t\000r\000a\000h\000e\000d\000r\000o\000n\000\040\000C\000l\000a\000s\000s\000\040\000R\000e\000f\000e\000r\000e\000n\000c\000e}{section.6}% 95
\BOOKMARK [3][-]{subsubsection.6.19.1}{\376\377\000D\000e\000t\000a\000i\000l\000e\000d\000\040\000D\000e\000s\000c\000r\000i\000p\000t\000i\000o\000n}{subsection.6.19}% 96
\BOOKMARK [3][-]{subsubsection.6.19.2}{\376\377\000C\000o\000n\000s\000t\000r\000u\000c\000t\000o\000r\000\040\000\046\000\040\000D\000e\000s\000t\000r\000u\000c\000t\000o\000r\000\040\000D\000o\000c\000u\000m\000e\000n\000t\000a\000t\000i\000o\000n}{subsection.6.19}% 97
\BOOKMARK [3][-]{subsubsection.6.19.3}{\376\377\000M\000e\000m\000b\000e\000r\000\040\000F\000u\000n\000c\000t\000i\000o\000n\000\040\000D\000o\000c\000u\000m\000e\000n\000t\000a\000t\000i\000o\000n}{subsection.6.19}% 98
\BOOKMARK [2][-]{subsection.6.20}{\376\377\000m\000k\000n\000i\000x\000:\000:\000E\000l\000e\000m\000T\000r\000i\000a\000n\000g\000l\000e\000\040\000C\000l\000a\000s\000s\000\040\000R\000e\000f\000e\000r\000e\000n\000c\000e}{section.6}% 99
\BOOKMARK [3][-]{subsubsection.6.20.1}{\376\377\000D\000e\000t\000a\000i\000l\000e\000d\000\040\000D\000e\000s\000c\000r\000i\000p\000t\000i\000o\000n}{subsection.6.20}% 100
\BOOKMARK [3][-]{subsubsection.6.20.2}{\376\377\000C\000o\000n\000s\000t\000r\000u\000c\000t\000o\000r\000\040\000\046\000\040\000D\000e\000s\000t\000r\000u\000c\000t\000o\000r\000\040\000D\000o\000c\000u\000m\000e\000n\000t\000a\000t\000i\000o\000n}{subsection.6.20}% 101
\BOOKMARK [3][-]{subsubsection.6.20.3}{\376\377\000M\000e\000m\000b\000e\000r\000\040\000F\000u\000n\000c\000t\000i\000o\000n\000\040\000D\000o\000c\000u\000m\000e\000n\000t\000a\000t\000i\000o\000n}{subsection.6.20}% 102
\BOOKMARK [2][-]{subsection.6.21}{\376\377\000m\000k\000n\000i\000x\000:\000:\000F\000l\000e\000x\000B\000o\000d\000y\000\040\000C\000l\000a\000s\000s\000\040\000R\000e\000f\000e\000r\000e\000n\000c\000e}{section.6}% 103
\BOOKMARK [3][-]{subsubsection.6.21.1}{\376\377\000D\000e\000t\000a\000i\000l\000e\000d\000\040\000D\000e\000s\000c\000r\000i\000p\000t\000i\000o\000n}{subsection.6.21}% 104
\BOOKMARK [3][-]{subsubsection.6.21.2}{\376\377\000C\000o\000n\000s\000t\000r\000u\000c\000t\000o\000r\000\040\000\046\000\040\000D\000e\000s\000t\000r\000u\000c\000t\000o\000r\000\040\000D\000o\000c\000u\000m\000e\000n\000t\000a\000t\000i\000o\000n}{subsection.6.21}% 105
\BOOKMARK [3][-]{subsubsection.6.21.3}{\376\377\000M\000e\000m\000b\000e\000r\000\040\000F\000u\000n\000c\000t\000i\000o\000n\000\040\000D\000o\000c\000u\000m\000e\000n\000t\000a\000t\000i\000o\000n}{subsection.6.21}% 106
\BOOKMARK [3][-]{subsubsection.6.21.4}{\376\377\000M\000e\000m\000b\000e\000r\000\040\000D\000a\000t\000a\000\040\000D\000o\000c\000u\000m\000e\000n\000t\000a\000t\000i\000o\000n}{subsection.6.21}% 107
\BOOKMARK [2][-]{subsection.6.22}{\376\377\000m\000k\000n\000i\000x\000:\000:\000F\000l\000e\000x\000G\000l\000o\000b\000a\000l\000G\000a\000l\000e\000r\000k\000i\000n\000\040\000C\000l\000a\000s\000s\000\040\000R\000e\000f\000e\000r\000e\000n\000c\000e}{section.6}% 108
\BOOKMARK [3][-]{subsubsection.6.22.1}{\376\377\000D\000e\000t\000a\000i\000l\000e\000d\000\040\000D\000e\000s\000c\000r\000i\000p\000t\000i\000o\000n}{subsection.6.22}% 109
\BOOKMARK [3][-]{subsubsection.6.22.2}{\376\377\000C\000o\000n\000s\000t\000r\000u\000c\000t\000o\000r\000\040\000\046\000\040\000D\000e\000s\000t\000r\000u\000c\000t\000o\000r\000\040\000D\000o\000c\000u\000m\000e\000n\000t\000a\000t\000i\000o\000n}{subsection.6.22}% 110
\BOOKMARK [3][-]{subsubsection.6.22.3}{\376\377\000M\000e\000m\000b\000e\000r\000\040\000F\000u\000n\000c\000t\000i\000o\000n\000\040\000D\000o\000c\000u\000m\000e\000n\000t\000a\000t\000i\000o\000n}{subsection.6.22}% 111
\BOOKMARK [2][-]{subsection.6.23}{\376\377\000m\000k\000n\000i\000x\000:\000:\000F\000o\000r\000c\000e\000\040\000C\000l\000a\000s\000s\000\040\000R\000e\000f\000e\000r\000e\000n\000c\000e}{section.6}% 112
\BOOKMARK [3][-]{subsubsection.6.23.1}{\376\377\000D\000e\000t\000a\000i\000l\000e\000d\000\040\000D\000e\000s\000c\000r\000i\000p\000t\000i\000o\000n}{subsection.6.23}% 113
\BOOKMARK [3][-]{subsubsection.6.23.2}{\376\377\000C\000o\000n\000s\000t\000r\000u\000c\000t\000o\000r\000\040\000\046\000\040\000D\000e\000s\000t\000r\000u\000c\000t\000o\000r\000\040\000D\000o\000c\000u\000m\000e\000n\000t\000a\000t\000i\000o\000n}{subsection.6.23}% 114
\BOOKMARK [2][-]{subsection.6.24}{\376\377\000m\000k\000n\000i\000x\000:\000:\000G\000a\000u\000s\000s\000P\000o\000i\000n\000t\000\040\000C\000l\000a\000s\000s\000\040\000R\000e\000f\000e\000r\000e\000n\000c\000e}{section.6}% 115
\BOOKMARK [3][-]{subsubsection.6.24.1}{\376\377\000D\000e\000t\000a\000i\000l\000e\000d\000\040\000D\000e\000s\000c\000r\000i\000p\000t\000i\000o\000n}{subsection.6.24}% 116
\BOOKMARK [3][-]{subsubsection.6.24.2}{\376\377\000C\000o\000n\000s\000t\000r\000u\000c\000t\000o\000r\000\040\000\046\000\040\000D\000e\000s\000t\000r\000u\000c\000t\000o\000r\000\040\000D\000o\000c\000u\000m\000e\000n\000t\000a\000t\000i\000o\000n}{subsection.6.24}% 117
\BOOKMARK [3][-]{subsubsection.6.24.3}{\376\377\000M\000e\000m\000b\000e\000r\000\040\000F\000u\000n\000c\000t\000i\000o\000n\000\040\000D\000o\000c\000u\000m\000e\000n\000t\000a\000t\000i\000o\000n}{subsection.6.24}% 118
\BOOKMARK [2][-]{subsection.6.25}{\376\377\000m\000k\000n\000i\000x\000:\000:\000L\000o\000a\000d\000\040\000C\000l\000a\000s\000s\000\040\000R\000e\000f\000e\000r\000e\000n\000c\000e}{section.6}% 119
\BOOKMARK [3][-]{subsubsection.6.25.1}{\376\377\000D\000e\000t\000a\000i\000l\000e\000d\000\040\000D\000e\000s\000c\000r\000i\000p\000t\000i\000o\000n}{subsection.6.25}% 120
\BOOKMARK [3][-]{subsubsection.6.25.2}{\376\377\000C\000o\000n\000s\000t\000r\000u\000c\000t\000o\000r\000\040\000\046\000\040\000D\000e\000s\000t\000r\000u\000c\000t\000o\000r\000\040\000D\000o\000c\000u\000m\000e\000n\000t\000a\000t\000i\000o\000n}{subsection.6.25}% 121
\BOOKMARK [3][-]{subsubsection.6.25.3}{\376\377\000M\000e\000m\000b\000e\000r\000\040\000F\000u\000n\000c\000t\000i\000o\000n\000\040\000D\000o\000c\000u\000m\000e\000n\000t\000a\000t\000i\000o\000n}{subsection.6.25}% 122
\BOOKMARK [3][-]{subsubsection.6.25.4}{\376\377\000M\000e\000m\000b\000e\000r\000\040\000D\000a\000t\000a\000\040\000D\000o\000c\000u\000m\000e\000n\000t\000a\000t\000i\000o\000n}{subsection.6.25}% 123
\BOOKMARK [2][-]{subsection.6.26}{\376\377\000m\000k\000n\000i\000x\000:\000:\000M\000a\000t\000e\000r\000i\000a\000l\000\040\000C\000l\000a\000s\000s\000\040\000R\000e\000f\000e\000r\000e\000n\000c\000e}{section.6}% 124
\BOOKMARK [3][-]{subsubsection.6.26.1}{\376\377\000D\000e\000t\000a\000i\000l\000e\000d\000\040\000D\000e\000s\000c\000r\000i\000p\000t\000i\000o\000n}{subsection.6.26}% 125
\BOOKMARK [3][-]{subsubsection.6.26.2}{\376\377\000C\000o\000n\000s\000t\000r\000u\000c\000t\000o\000r\000\040\000\046\000\040\000D\000e\000s\000t\000r\000u\000c\000t\000o\000r\000\040\000D\000o\000c\000u\000m\000e\000n\000t\000a\000t\000i\000o\000n}{subsection.6.26}% 126
\BOOKMARK [3][-]{subsubsection.6.26.3}{\376\377\000M\000e\000m\000b\000e\000r\000\040\000F\000u\000n\000c\000t\000i\000o\000n\000\040\000D\000o\000c\000u\000m\000e\000n\000t\000a\000t\000i\000o\000n}{subsection.6.26}% 127
\BOOKMARK [2][-]{subsection.6.27}{\376\377\000m\000k\000n\000i\000x\000:\000:\000N\000o\000d\000e\000\040\000C\000l\000a\000s\000s\000\040\000R\000e\000f\000e\000r\000e\000n\000c\000e}{section.6}% 128
\BOOKMARK [3][-]{subsubsection.6.27.1}{\376\377\000D\000e\000t\000a\000i\000l\000e\000d\000\040\000D\000e\000s\000c\000r\000i\000p\000t\000i\000o\000n}{subsection.6.27}% 129
\BOOKMARK [3][-]{subsubsection.6.27.2}{\376\377\000C\000o\000n\000s\000t\000r\000u\000c\000t\000o\000r\000\040\000\046\000\040\000D\000e\000s\000t\000r\000u\000c\000t\000o\000r\000\040\000D\000o\000c\000u\000m\000e\000n\000t\000a\000t\000i\000o\000n}{subsection.6.27}% 130
\BOOKMARK [3][-]{subsubsection.6.27.3}{\376\377\000M\000e\000m\000b\000e\000r\000\040\000F\000u\000n\000c\000t\000i\000o\000n\000\040\000D\000o\000c\000u\000m\000e\000n\000t\000a\000t\000i\000o\000n}{subsection.6.27}% 131
\BOOKMARK [2][-]{subsection.6.28}{\376\377\000m\000k\000n\000i\000x\000:\000:\000P\000o\000i\000n\000t\000\040\000C\000l\000a\000s\000s\000\040\000R\000e\000f\000e\000r\000e\000n\000c\000e}{section.6}% 132
\BOOKMARK [3][-]{subsubsection.6.28.1}{\376\377\000D\000e\000t\000a\000i\000l\000e\000d\000\040\000D\000e\000s\000c\000r\000i\000p\000t\000i\000o\000n}{subsection.6.28}% 133
\BOOKMARK [3][-]{subsubsection.6.28.2}{\376\377\000C\000o\000n\000s\000t\000r\000u\000c\000t\000o\000r\000\040\000\046\000\040\000D\000e\000s\000t\000r\000u\000c\000t\000o\000r\000\040\000D\000o\000c\000u\000m\000e\000n\000t\000a\000t\000i\000o\000n}{subsection.6.28}% 134
\BOOKMARK [3][-]{subsubsection.6.28.3}{\376\377\000M\000e\000m\000b\000e\000r\000\040\000F\000u\000n\000c\000t\000i\000o\000n\000\040\000D\000o\000c\000u\000m\000e\000n\000t\000a\000t\000i\000o\000n}{subsection.6.28}% 135
\BOOKMARK [3][-]{subsubsection.6.28.4}{\376\377\000F\000r\000i\000e\000n\000d\000s\000\040\000A\000n\000d\000\040\000R\000e\000l\000a\000t\000e\000d\000\040\000F\000u\000n\000c\000t\000i\000o\000n\000\040\000D\000o\000c\000u\000m\000e\000n\000t\000a\000t\000i\000o\000n}{subsection.6.28}% 136
\BOOKMARK [3][-]{subsubsection.6.28.5}{\376\377\000M\000e\000m\000b\000e\000r\000\040\000D\000a\000t\000a\000\040\000D\000o\000c\000u\000m\000e\000n\000t\000a\000t\000i\000o\000n}{subsection.6.28}% 137
\BOOKMARK [2][-]{subsection.6.29}{\376\377\000m\000k\000n\000i\000x\000:\000:\000R\000e\000a\000d\000e\000r\000\040\000C\000l\000a\000s\000s\000\040\000R\000e\000f\000e\000r\000e\000n\000c\000e}{section.6}% 138
\BOOKMARK [3][-]{subsubsection.6.29.1}{\376\377\000D\000e\000t\000a\000i\000l\000e\000d\000\040\000D\000e\000s\000c\000r\000i\000p\000t\000i\000o\000n}{subsection.6.29}% 139
\BOOKMARK [3][-]{subsubsection.6.29.2}{\376\377\000C\000o\000n\000s\000t\000r\000u\000c\000t\000o\000r\000\040\000\046\000\040\000D\000e\000s\000t\000r\000u\000c\000t\000o\000r\000\040\000D\000o\000c\000u\000m\000e\000n\000t\000a\000t\000i\000o\000n}{subsection.6.29}% 140
\BOOKMARK [3][-]{subsubsection.6.29.3}{\376\377\000M\000e\000m\000b\000e\000r\000\040\000F\000u\000n\000c\000t\000i\000o\000n\000\040\000D\000o\000c\000u\000m\000e\000n\000t\000a\000t\000i\000o\000n}{subsection.6.29}% 141
\BOOKMARK [2][-]{subsection.6.30}{\376\377\000m\000k\000n\000i\000x\000:\000:\000R\000e\000a\000d\000e\000r\000C\000o\000n\000s\000t\000r\000a\000i\000n\000t\000s\000\040\000C\000l\000a\000s\000s\000\040\000R\000e\000f\000e\000r\000e\000n\000c\000e}{section.6}% 142
\BOOKMARK [3][-]{subsubsection.6.30.1}{\376\377\000D\000e\000t\000a\000i\000l\000e\000d\000\040\000D\000e\000s\000c\000r\000i\000p\000t\000i\000o\000n}{subsection.6.30}% 143
\BOOKMARK [3][-]{subsubsection.6.30.2}{\376\377\000C\000o\000n\000s\000t\000r\000u\000c\000t\000o\000r\000\040\000\046\000\040\000D\000e\000s\000t\000r\000u\000c\000t\000o\000r\000\040\000D\000o\000c\000u\000m\000e\000n\000t\000a\000t\000i\000o\000n}{subsection.6.30}% 144
\BOOKMARK [3][-]{subsubsection.6.30.3}{\376\377\000M\000e\000m\000b\000e\000r\000\040\000F\000u\000n\000c\000t\000i\000o\000n\000\040\000D\000o\000c\000u\000m\000e\000n\000t\000a\000t\000i\000o\000n}{subsection.6.30}% 145
\BOOKMARK [2][-]{subsection.6.31}{\376\377\000m\000k\000n\000i\000x\000:\000:\000R\000e\000a\000d\000e\000r\000F\000l\000e\000x\000\040\000C\000l\000a\000s\000s\000\040\000R\000e\000f\000e\000r\000e\000n\000c\000e}{section.6}% 146
\BOOKMARK [3][-]{subsubsection.6.31.1}{\376\377\000D\000e\000t\000a\000i\000l\000e\000d\000\040\000D\000e\000s\000c\000r\000i\000p\000t\000i\000o\000n}{subsection.6.31}% 147
\BOOKMARK [3][-]{subsubsection.6.31.2}{\376\377\000C\000o\000n\000s\000t\000r\000u\000c\000t\000o\000r\000\040\000\046\000\040\000D\000e\000s\000t\000r\000u\000c\000t\000o\000r\000\040\000D\000o\000c\000u\000m\000e\000n\000t\000a\000t\000i\000o\000n}{subsection.6.31}% 148
\BOOKMARK [3][-]{subsubsection.6.31.3}{\376\377\000M\000e\000m\000b\000e\000r\000\040\000F\000u\000n\000c\000t\000i\000o\000n\000\040\000D\000o\000c\000u\000m\000e\000n\000t\000a\000t\000i\000o\000n}{subsection.6.31}% 149
\BOOKMARK [2][-]{subsection.6.32}{\376\377\000m\000k\000n\000i\000x\000:\000:\000R\000e\000a\000d\000e\000r\000R\000i\000g\000i\000d\000\040\000C\000l\000a\000s\000s\000\040\000R\000e\000f\000e\000r\000e\000n\000c\000e}{section.6}% 150
\BOOKMARK [3][-]{subsubsection.6.32.1}{\376\377\000D\000e\000t\000a\000i\000l\000e\000d\000\040\000D\000e\000s\000c\000r\000i\000p\000t\000i\000o\000n}{subsection.6.32}% 151
\BOOKMARK [3][-]{subsubsection.6.32.2}{\376\377\000C\000o\000n\000s\000t\000r\000u\000c\000t\000o\000r\000\040\000\046\000\040\000D\000e\000s\000t\000r\000u\000c\000t\000o\000r\000\040\000D\000o\000c\000u\000m\000e\000n\000t\000a\000t\000i\000o\000n}{subsection.6.32}% 152
\BOOKMARK [3][-]{subsubsection.6.32.3}{\376\377\000M\000e\000m\000b\000e\000r\000\040\000F\000u\000n\000c\000t\000i\000o\000n\000\040\000D\000o\000c\000u\000m\000e\000n\000t\000a\000t\000i\000o\000n}{subsection.6.32}% 153
\BOOKMARK [2][-]{subsection.6.33}{\376\377\000m\000k\000n\000i\000x\000:\000:\000R\000i\000g\000i\000d\000B\000a\000r\000\040\000C\000l\000a\000s\000s\000\040\000R\000e\000f\000e\000r\000e\000n\000c\000e}{section.6}% 154
\BOOKMARK [3][-]{subsubsection.6.33.1}{\376\377\000D\000e\000t\000a\000i\000l\000e\000d\000\040\000D\000e\000s\000c\000r\000i\000p\000t\000i\000o\000n}{subsection.6.33}% 155
\BOOKMARK [3][-]{subsubsection.6.33.2}{\376\377\000C\000o\000n\000s\000t\000r\000u\000c\000t\000o\000r\000\040\000\046\000\040\000D\000e\000s\000t\000r\000u\000c\000t\000o\000r\000\040\000D\000o\000c\000u\000m\000e\000n\000t\000a\000t\000i\000o\000n}{subsection.6.33}% 156
\BOOKMARK [3][-]{subsubsection.6.33.3}{\376\377\000M\000e\000m\000b\000e\000r\000\040\000F\000u\000n\000c\000t\000i\000o\000n\000\040\000D\000o\000c\000u\000m\000e\000n\000t\000a\000t\000i\000o\000n}{subsection.6.33}% 157
\BOOKMARK [2][-]{subsection.6.34}{\376\377\000m\000k\000n\000i\000x\000:\000:\000R\000i\000g\000i\000d\000B\000o\000d\000y\000\040\000C\000l\000a\000s\000s\000\040\000R\000e\000f\000e\000r\000e\000n\000c\000e}{section.6}% 158
\BOOKMARK [3][-]{subsubsection.6.34.1}{\376\377\000D\000e\000t\000a\000i\000l\000e\000d\000\040\000D\000e\000s\000c\000r\000i\000p\000t\000i\000o\000n}{subsection.6.34}% 159
\BOOKMARK [3][-]{subsubsection.6.34.2}{\376\377\000C\000o\000n\000s\000t\000r\000u\000c\000t\000o\000r\000\040\000\046\000\040\000D\000e\000s\000t\000r\000u\000c\000t\000o\000r\000\040\000D\000o\000c\000u\000m\000e\000n\000t\000a\000t\000i\000o\000n}{subsection.6.34}% 160
\BOOKMARK [3][-]{subsubsection.6.34.3}{\376\377\000M\000e\000m\000b\000e\000r\000\040\000F\000u\000n\000c\000t\000i\000o\000n\000\040\000D\000o\000c\000u\000m\000e\000n\000t\000a\000t\000i\000o\000n}{subsection.6.34}% 161
\BOOKMARK [3][-]{subsubsection.6.34.4}{\376\377\000M\000e\000m\000b\000e\000r\000\040\000D\000a\000t\000a\000\040\000D\000o\000c\000u\000m\000e\000n\000t\000a\000t\000i\000o\000n}{subsection.6.34}% 162
\BOOKMARK [2][-]{subsection.6.35}{\376\377\000m\000k\000n\000i\000x\000:\000:\000R\000i\000g\000i\000d\000B\000o\000d\000y\0002\000D\000\040\000C\000l\000a\000s\000s\000\040\000R\000e\000f\000e\000r\000e\000n\000c\000e}{section.6}% 163
\BOOKMARK [3][-]{subsubsection.6.35.1}{\376\377\000D\000e\000t\000a\000i\000l\000e\000d\000\040\000D\000e\000s\000c\000r\000i\000p\000t\000i\000o\000n}{subsection.6.35}% 164
\BOOKMARK [3][-]{subsubsection.6.35.2}{\376\377\000C\000o\000n\000s\000t\000r\000u\000c\000t\000o\000r\000\040\000\046\000\040\000D\000e\000s\000t\000r\000u\000c\000t\000o\000r\000\040\000D\000o\000c\000u\000m\000e\000n\000t\000a\000t\000i\000o\000n}{subsection.6.35}% 165
\BOOKMARK [3][-]{subsubsection.6.35.3}{\376\377\000M\000e\000m\000b\000e\000r\000\040\000F\000u\000n\000c\000t\000i\000o\000n\000\040\000D\000o\000c\000u\000m\000e\000n\000t\000a\000t\000i\000o\000n}{subsection.6.35}% 166
\BOOKMARK [2][-]{subsection.6.36}{\376\377\000m\000k\000n\000i\000x\000:\000:\000R\000i\000g\000i\000d\000B\000o\000d\000y\0003\000D\000\040\000C\000l\000a\000s\000s\000\040\000R\000e\000f\000e\000r\000e\000n\000c\000e}{section.6}% 167
\BOOKMARK [3][-]{subsubsection.6.36.1}{\376\377\000C\000o\000n\000s\000t\000r\000u\000c\000t\000o\000r\000\040\000\046\000\040\000D\000e\000s\000t\000r\000u\000c\000t\000o\000r\000\040\000D\000o\000c\000u\000m\000e\000n\000t\000a\000t\000i\000o\000n}{subsection.6.36}% 168
\BOOKMARK [3][-]{subsubsection.6.36.2}{\376\377\000M\000e\000m\000b\000e\000r\000\040\000F\000u\000n\000c\000t\000i\000o\000n\000\040\000D\000o\000c\000u\000m\000e\000n\000t\000a\000t\000i\000o\000n}{subsection.6.36}% 169
\BOOKMARK [2][-]{subsection.6.37}{\376\377\000m\000k\000n\000i\000x\000:\000:\000R\000i\000g\000i\000d\000B\000o\000d\000y\000M\000a\000s\000s\000P\000o\000i\000n\000t\000\040\000C\000l\000a\000s\000s\000\040\000R\000e\000f\000e\000r\000e\000n\000c\000e}{section.6}% 170
\BOOKMARK [3][-]{subsubsection.6.37.1}{\376\377\000C\000o\000n\000s\000t\000r\000u\000c\000t\000o\000r\000\040\000\046\000\040\000D\000e\000s\000t\000r\000u\000c\000t\000o\000r\000\040\000D\000o\000c\000u\000m\000e\000n\000t\000a\000t\000i\000o\000n}{subsection.6.37}% 171
\BOOKMARK [3][-]{subsubsection.6.37.2}{\376\377\000M\000e\000m\000b\000e\000r\000\040\000F\000u\000n\000c\000t\000i\000o\000n\000\040\000D\000o\000c\000u\000m\000e\000n\000t\000a\000t\000i\000o\000n}{subsection.6.37}% 172
\BOOKMARK [2][-]{subsection.6.38}{\376\377\000m\000k\000n\000i\000x\000:\000:\000S\000h\000a\000p\000e\000F\000u\000n\000c\000t\000i\000o\000n\000\040\000C\000l\000a\000s\000s\000\040\000R\000e\000f\000e\000r\000e\000n\000c\000e}{section.6}% 173
\BOOKMARK [3][-]{subsubsection.6.38.1}{\376\377\000D\000e\000t\000a\000i\000l\000e\000d\000\040\000D\000e\000s\000c\000r\000i\000p\000t\000i\000o\000n}{subsection.6.38}% 174
\BOOKMARK [3][-]{subsubsection.6.38.2}{\376\377\000C\000o\000n\000s\000t\000r\000u\000c\000t\000o\000r\000\040\000\046\000\040\000D\000e\000s\000t\000r\000u\000c\000t\000o\000r\000\040\000D\000o\000c\000u\000m\000e\000n\000t\000a\000t\000i\000o\000n}{subsection.6.38}% 175
\BOOKMARK [3][-]{subsubsection.6.38.3}{\376\377\000M\000e\000m\000b\000e\000r\000\040\000F\000u\000n\000c\000t\000i\000o\000n\000\040\000D\000o\000c\000u\000m\000e\000n\000t\000a\000t\000i\000o\000n}{subsection.6.38}% 176
\BOOKMARK [3][-]{subsubsection.6.38.4}{\376\377\000M\000e\000m\000b\000e\000r\000\040\000D\000a\000t\000a\000\040\000D\000o\000c\000u\000m\000e\000n\000t\000a\000t\000i\000o\000n}{subsection.6.38}% 177
\BOOKMARK [2][-]{subsection.6.39}{\376\377\000m\000k\000n\000i\000x\000:\000:\000S\000h\000a\000p\000e\000F\000u\000n\000c\000t\000i\000o\000n\000L\000i\000n\000e\000a\000r\000\040\000C\000l\000a\000s\000s\000\040\000R\000e\000f\000e\000r\000e\000n\000c\000e}{section.6}% 178
\BOOKMARK [3][-]{subsubsection.6.39.1}{\376\377\000D\000e\000t\000a\000i\000l\000e\000d\000\040\000D\000e\000s\000c\000r\000i\000p\000t\000i\000o\000n}{subsection.6.39}% 179
\BOOKMARK [3][-]{subsubsection.6.39.2}{\376\377\000C\000o\000n\000s\000t\000r\000u\000c\000t\000o\000r\000\040\000\046\000\040\000D\000e\000s\000t\000r\000u\000c\000t\000o\000r\000\040\000D\000o\000c\000u\000m\000e\000n\000t\000a\000t\000i\000o\000n}{subsection.6.39}% 180
\BOOKMARK [3][-]{subsubsection.6.39.3}{\376\377\000M\000e\000m\000b\000e\000r\000\040\000F\000u\000n\000c\000t\000i\000o\000n\000\040\000D\000o\000c\000u\000m\000e\000n\000t\000a\000t\000i\000o\000n}{subsection.6.39}% 181
\BOOKMARK [2][-]{subsection.6.40}{\376\377\000m\000k\000n\000i\000x\000:\000:\000S\000h\000a\000p\000e\000F\000u\000n\000c\000t\000i\000o\000n\000M\000L\000S\000\040\000C\000l\000a\000s\000s\000\040\000R\000e\000f\000e\000r\000e\000n\000c\000e}{section.6}% 182
\BOOKMARK [3][-]{subsubsection.6.40.1}{\376\377\000D\000e\000t\000a\000i\000l\000e\000d\000\040\000D\000e\000s\000c\000r\000i\000p\000t\000i\000o\000n}{subsection.6.40}% 183
\BOOKMARK [3][-]{subsubsection.6.40.2}{\376\377\000C\000o\000n\000s\000t\000r\000u\000c\000t\000o\000r\000\040\000\046\000\040\000D\000e\000s\000t\000r\000u\000c\000t\000o\000r\000\040\000D\000o\000c\000u\000m\000e\000n\000t\000a\000t\000i\000o\000n}{subsection.6.40}% 184
\BOOKMARK [3][-]{subsubsection.6.40.3}{\376\377\000M\000e\000m\000b\000e\000r\000\040\000F\000u\000n\000c\000t\000i\000o\000n\000\040\000D\000o\000c\000u\000m\000e\000n\000t\000a\000t\000i\000o\000n}{subsection.6.40}% 185
\BOOKMARK [2][-]{subsection.6.41}{\376\377\000m\000k\000n\000i\000x\000:\000:\000S\000h\000a\000p\000e\000F\000u\000n\000c\000t\000i\000o\000n\000R\000B\000F\000\040\000C\000l\000a\000s\000s\000\040\000R\000e\000f\000e\000r\000e\000n\000c\000e}{section.6}% 186
\BOOKMARK [3][-]{subsubsection.6.41.1}{\376\377\000D\000e\000t\000a\000i\000l\000e\000d\000\040\000D\000e\000s\000c\000r\000i\000p\000t\000i\000o\000n}{subsection.6.41}% 187
\BOOKMARK [3][-]{subsubsection.6.41.2}{\376\377\000C\000o\000n\000s\000t\000r\000u\000c\000t\000o\000r\000\040\000\046\000\040\000D\000e\000s\000t\000r\000u\000c\000t\000o\000r\000\040\000D\000o\000c\000u\000m\000e\000n\000t\000a\000t\000i\000o\000n}{subsection.6.41}% 188
\BOOKMARK [3][-]{subsubsection.6.41.3}{\376\377\000M\000e\000m\000b\000e\000r\000\040\000F\000u\000n\000c\000t\000i\000o\000n\000\040\000D\000o\000c\000u\000m\000e\000n\000t\000a\000t\000i\000o\000n}{subsection.6.41}% 189
\BOOKMARK [2][-]{subsection.6.42}{\376\377\000m\000k\000n\000i\000x\000:\000:\000S\000h\000a\000p\000e\000F\000u\000n\000c\000t\000i\000o\000n\000R\000i\000g\000i\000d\000B\000a\000r\000\040\000C\000l\000a\000s\000s\000\040\000R\000e\000f\000e\000r\000e\000n\000c\000e}{section.6}% 190
\BOOKMARK [3][-]{subsubsection.6.42.1}{\376\377\000D\000e\000t\000a\000i\000l\000e\000d\000\040\000D\000e\000s\000c\000r\000i\000p\000t\000i\000o\000n}{subsection.6.42}% 191
\BOOKMARK [3][-]{subsubsection.6.42.2}{\376\377\000C\000o\000n\000s\000t\000r\000u\000c\000t\000o\000r\000\040\000\046\000\040\000D\000e\000s\000t\000r\000u\000c\000t\000o\000r\000\040\000D\000o\000c\000u\000m\000e\000n\000t\000a\000t\000i\000o\000n}{subsection.6.42}% 192
\BOOKMARK [3][-]{subsubsection.6.42.3}{\376\377\000M\000e\000m\000b\000e\000r\000\040\000F\000u\000n\000c\000t\000i\000o\000n\000\040\000D\000o\000c\000u\000m\000e\000n\000t\000a\000t\000i\000o\000n}{subsection.6.42}% 193
\BOOKMARK [2][-]{subsection.6.43}{\376\377\000m\000k\000n\000i\000x\000:\000:\000S\000h\000a\000p\000e\000F\000u\000n\000c\000t\000i\000o\000n\000T\000e\000t\000r\000a\000h\000e\000d\000r\000o\000n\000\040\000C\000l\000a\000s\000s\000\040\000R\000e\000f\000e\000r\000e\000n\000c\000e}{section.6}% 194
\BOOKMARK [3][-]{subsubsection.6.43.1}{\376\377\000D\000e\000t\000a\000i\000l\000e\000d\000\040\000D\000e\000s\000c\000r\000i\000p\000t\000i\000o\000n}{subsection.6.43}% 195
\BOOKMARK [3][-]{subsubsection.6.43.2}{\376\377\000C\000o\000n\000s\000t\000r\000u\000c\000t\000o\000r\000\040\000\046\000\040\000D\000e\000s\000t\000r\000u\000c\000t\000o\000r\000\040\000D\000o\000c\000u\000m\000e\000n\000t\000a\000t\000i\000o\000n}{subsection.6.43}% 196
\BOOKMARK [3][-]{subsubsection.6.43.3}{\376\377\000M\000e\000m\000b\000e\000r\000\040\000F\000u\000n\000c\000t\000i\000o\000n\000\040\000D\000o\000c\000u\000m\000e\000n\000t\000a\000t\000i\000o\000n}{subsection.6.43}% 197
\BOOKMARK [2][-]{subsection.6.44}{\376\377\000m\000k\000n\000i\000x\000:\000:\000S\000h\000a\000p\000e\000F\000u\000n\000c\000t\000i\000o\000n\000T\000r\000i\000a\000n\000g\000l\000e\000\040\000C\000l\000a\000s\000s\000\040\000R\000e\000f\000e\000r\000e\000n\000c\000e}{section.6}% 198
\BOOKMARK [3][-]{subsubsection.6.44.1}{\376\377\000D\000e\000t\000a\000i\000l\000e\000d\000\040\000D\000e\000s\000c\000r\000i\000p\000t\000i\000o\000n}{subsection.6.44}% 199
\BOOKMARK [3][-]{subsubsection.6.44.2}{\376\377\000C\000o\000n\000s\000t\000r\000u\000c\000t\000o\000r\000\040\000\046\000\040\000D\000e\000s\000t\000r\000u\000c\000t\000o\000r\000\040\000D\000o\000c\000u\000m\000e\000n\000t\000a\000t\000i\000o\000n}{subsection.6.44}% 200
\BOOKMARK [3][-]{subsubsection.6.44.3}{\376\377\000M\000e\000m\000b\000e\000r\000\040\000F\000u\000n\000c\000t\000i\000o\000n\000\040\000D\000o\000c\000u\000m\000e\000n\000t\000a\000t\000i\000o\000n}{subsection.6.44}% 201
\BOOKMARK [2][-]{subsection.6.45}{\376\377\000m\000k\000n\000i\000x\000:\000:\000S\000h\000a\000p\000e\000F\000u\000n\000c\000t\000i\000o\000n\000T\000r\000i\000a\000n\000g\000l\000e\000S\000i\000g\000n\000e\000d\000\040\000C\000l\000a\000s\000s\000\040\000R\000e\000f\000e\000r\000e\000n\000c\000e}{section.6}% 202
\BOOKMARK [3][-]{subsubsection.6.45.1}{\376\377\000D\000e\000t\000a\000i\000l\000e\000d\000\040\000D\000e\000s\000c\000r\000i\000p\000t\000i\000o\000n}{subsection.6.45}% 203
\BOOKMARK [3][-]{subsubsection.6.45.2}{\376\377\000C\000o\000n\000s\000t\000r\000u\000c\000t\000o\000r\000\040\000\046\000\040\000D\000e\000s\000t\000r\000u\000c\000t\000o\000r\000\040\000D\000o\000c\000u\000m\000e\000n\000t\000a\000t\000i\000o\000n}{subsection.6.45}% 204
\BOOKMARK [3][-]{subsubsection.6.45.3}{\376\377\000M\000e\000m\000b\000e\000r\000\040\000F\000u\000n\000c\000t\000i\000o\000n\000\040\000D\000o\000c\000u\000m\000e\000n\000t\000a\000t\000i\000o\000n}{subsection.6.45}% 205
\BOOKMARK [2][-]{subsection.6.46}{\376\377\000m\000k\000n\000i\000x\000:\000:\000S\000i\000m\000u\000l\000a\000t\000i\000o\000n\000\040\000C\000l\000a\000s\000s\000\040\000R\000e\000f\000e\000r\000e\000n\000c\000e}{section.6}% 206
\BOOKMARK [3][-]{subsubsection.6.46.1}{\376\377\000D\000e\000t\000a\000i\000l\000e\000d\000\040\000D\000e\000s\000c\000r\000i\000p\000t\000i\000o\000n}{subsection.6.46}% 207
\BOOKMARK [3][-]{subsubsection.6.46.2}{\376\377\000C\000o\000n\000s\000t\000r\000u\000c\000t\000o\000r\000\040\000\046\000\040\000D\000e\000s\000t\000r\000u\000c\000t\000o\000r\000\040\000D\000o\000c\000u\000m\000e\000n\000t\000a\000t\000i\000o\000n}{subsection.6.46}% 208
\BOOKMARK [3][-]{subsubsection.6.46.3}{\376\377\000M\000e\000m\000b\000e\000r\000\040\000F\000u\000n\000c\000t\000i\000o\000n\000\040\000D\000o\000c\000u\000m\000e\000n\000t\000a\000t\000i\000o\000n}{subsection.6.46}% 209
\BOOKMARK [3][-]{subsubsection.6.46.4}{\376\377\000F\000r\000i\000e\000n\000d\000s\000\040\000A\000n\000d\000\040\000R\000e\000l\000a\000t\000e\000d\000\040\000F\000u\000n\000c\000t\000i\000o\000n\000\040\000D\000o\000c\000u\000m\000e\000n\000t\000a\000t\000i\000o\000n}{subsection.6.46}% 210
\BOOKMARK [2][-]{subsection.6.47}{\376\377\000m\000k\000n\000i\000x\000:\000:\000S\000y\000s\000t\000e\000m\000\040\000C\000l\000a\000s\000s\000\040\000R\000e\000f\000e\000r\000e\000n\000c\000e}{section.6}% 211
\BOOKMARK [3][-]{subsubsection.6.47.1}{\376\377\000D\000e\000t\000a\000i\000l\000e\000d\000\040\000D\000e\000s\000c\000r\000i\000p\000t\000i\000o\000n}{subsection.6.47}% 212
\BOOKMARK [3][-]{subsubsection.6.47.2}{\376\377\000C\000o\000n\000s\000t\000r\000u\000c\000t\000o\000r\000\040\000\046\000\040\000D\000e\000s\000t\000r\000u\000c\000t\000o\000r\000\040\000D\000o\000c\000u\000m\000e\000n\000t\000a\000t\000i\000o\000n}{subsection.6.47}% 213
\BOOKMARK [3][-]{subsubsection.6.47.3}{\376\377\000M\000e\000m\000b\000e\000r\000\040\000F\000u\000n\000c\000t\000i\000o\000n\000\040\000D\000o\000c\000u\000m\000e\000n\000t\000a\000t\000i\000o\000n}{subsection.6.47}% 214
\BOOKMARK [3][-]{subsubsection.6.47.4}{\376\377\000F\000r\000i\000e\000n\000d\000s\000\040\000A\000n\000d\000\040\000R\000e\000l\000a\000t\000e\000d\000\040\000F\000u\000n\000c\000t\000i\000o\000n\000\040\000D\000o\000c\000u\000m\000e\000n\000t\000a\000t\000i\000o\000n}{subsection.6.47}% 215
\BOOKMARK [2][-]{subsection.6.48}{\376\377\000m\000k\000n\000i\000x\000:\000:\000T\000h\000e\000r\000m\000a\000l\000B\000o\000d\000y\000\040\000C\000l\000a\000s\000s\000\040\000R\000e\000f\000e\000r\000e\000n\000c\000e}{section.6}% 216
\BOOKMARK [3][-]{subsubsection.6.48.1}{\376\377\000D\000e\000t\000a\000i\000l\000e\000d\000\040\000D\000e\000s\000c\000r\000i\000p\000t\000i\000o\000n}{subsection.6.48}% 217
\BOOKMARK [3][-]{subsubsection.6.48.2}{\376\377\000C\000o\000n\000s\000t\000r\000u\000c\000t\000o\000r\000\040\000\046\000\040\000D\000e\000s\000t\000r\000u\000c\000t\000o\000r\000\040\000D\000o\000c\000u\000m\000e\000n\000t\000a\000t\000i\000o\000n}{subsection.6.48}% 218
\BOOKMARK [3][-]{subsubsection.6.48.3}{\376\377\000M\000e\000m\000b\000e\000r\000\040\000F\000u\000n\000c\000t\000i\000o\000n\000\040\000D\000o\000c\000u\000m\000e\000n\000t\000a\000t\000i\000o\000n}{subsection.6.48}% 219
\BOOKMARK [3][-]{subsubsection.6.48.4}{\376\377\000M\000e\000m\000b\000e\000r\000\040\000D\000a\000t\000a\000\040\000D\000o\000c\000u\000m\000e\000n\000t\000a\000t\000i\000o\000n}{subsection.6.48}% 220
\BOOKMARK [2][-]{subsection.6.49}{\376\377\000m\000k\000n\000i\000x\000:\000:\000T\000h\000e\000r\000m\000a\000l\000L\000o\000a\000d\000\040\000C\000l\000a\000s\000s\000\040\000R\000e\000f\000e\000r\000e\000n\000c\000e}{section.6}% 221
\BOOKMARK [3][-]{subsubsection.6.49.1}{\376\377\000D\000e\000t\000a\000i\000l\000e\000d\000\040\000D\000e\000s\000c\000r\000i\000p\000t\000i\000o\000n}{subsection.6.49}% 222
\BOOKMARK [3][-]{subsubsection.6.49.2}{\376\377\000C\000o\000n\000s\000t\000r\000u\000c\000t\000o\000r\000\040\000\046\000\040\000D\000e\000s\000t\000r\000u\000c\000t\000o\000r\000\040\000D\000o\000c\000u\000m\000e\000n\000t\000a\000t\000i\000o\000n}{subsection.6.49}% 223
\BOOKMARK [3][-]{subsubsection.6.49.3}{\376\377\000M\000e\000m\000b\000e\000r\000\040\000F\000u\000n\000c\000t\000i\000o\000n\000\040\000D\000o\000c\000u\000m\000e\000n\000t\000a\000t\000i\000o\000n}{subsection.6.49}% 224
\BOOKMARK [3][-]{subsubsection.6.49.4}{\376\377\000M\000e\000m\000b\000e\000r\000\040\000D\000a\000t\000a\000\040\000D\000o\000c\000u\000m\000e\000n\000t\000a\000t\000i\000o\000n}{subsection.6.49}% 225
\BOOKMARK [1][-]{section.7}{\376\377\000F\000i\000l\000e\000\040\000D\000o\000c\000u\000m\000e\000n\000t\000a\000t\000i\000o\000n}{}% 226
\BOOKMARK [2][-]{subsection.7.1}{\376\377\000a\000n\000a\000l\000y\000s\000i\000s\000.\000c\000p\000p\000\040\000F\000i\000l\000e\000\040\000R\000e\000f\000e\000r\000e\000n\000c\000e}{section.7}% 227
\BOOKMARK [2][-]{subsection.7.2}{\376\377\000a\000n\000a\000l\000y\000s\000i\000s\000.\000h\000\040\000F\000i\000l\000e\000\040\000R\000e\000f\000e\000r\000e\000n\000c\000e}{section.7}% 228
\BOOKMARK [2][-]{subsection.7.3}{\376\377\000a\000n\000a\000l\000y\000s\000i\000s\000d\000y\000n\000a\000m\000i\000c\000.\000c\000p\000p\000\040\000F\000i\000l\000e\000\040\000R\000e\000f\000e\000r\000e\000n\000c\000e}{section.7}% 229
\BOOKMARK [2][-]{subsection.7.4}{\376\377\000a\000n\000a\000l\000y\000s\000i\000s\000d\000y\000n\000a\000m\000i\000c\000.\000h\000\040\000F\000i\000l\000e\000\040\000R\000e\000f\000e\000r\000e\000n\000c\000e}{section.7}% 230
\BOOKMARK [2][-]{subsection.7.5}{\376\377\000a\000n\000a\000l\000y\000s\000i\000s\000s\000t\000a\000t\000i\000c\000.\000c\000p\000p\000\040\000F\000i\000l\000e\000\040\000R\000e\000f\000e\000r\000e\000n\000c\000e}{section.7}% 231
\BOOKMARK [2][-]{subsection.7.6}{\376\377\000a\000n\000a\000l\000y\000s\000i\000s\000s\000t\000a\000t\000i\000c\000.\000h\000\040\000F\000i\000l\000e\000\040\000R\000e\000f\000e\000r\000e\000n\000c\000e}{section.7}% 232
\BOOKMARK [2][-]{subsection.7.7}{\376\377\000a\000n\000a\000l\000y\000s\000i\000s\000t\000h\000e\000r\000m\000a\000l\000d\000y\000n\000a\000m\000i\000c\000.\000c\000p\000p\000\040\000F\000i\000l\000e\000\040\000R\000e\000f\000e\000r\000e\000n\000c\000e}{section.7}% 233
\BOOKMARK [2][-]{subsection.7.8}{\376\377\000a\000n\000a\000l\000y\000s\000i\000s\000t\000h\000e\000r\000m\000a\000l\000d\000y\000n\000a\000m\000i\000c\000.\000h\000\040\000F\000i\000l\000e\000\040\000R\000e\000f\000e\000r\000e\000n\000c\000e}{section.7}% 234
\BOOKMARK [2][-]{subsection.7.9}{\376\377\000a\000n\000a\000l\000y\000s\000i\000s\000t\000h\000e\000r\000m\000a\000l\000s\000t\000a\000t\000i\000c\000.\000c\000p\000p\000\040\000F\000i\000l\000e\000\040\000R\000e\000f\000e\000r\000e\000n\000c\000e}{section.7}% 235
\BOOKMARK [2][-]{subsection.7.10}{\376\377\000a\000n\000a\000l\000y\000s\000i\000s\000t\000h\000e\000r\000m\000a\000l\000s\000t\000a\000t\000i\000c\000.\000h\000\040\000F\000i\000l\000e\000\040\000R\000e\000f\000e\000r\000e\000n\000c\000e}{section.7}% 236
\BOOKMARK [2][-]{subsection.7.11}{\376\377\000b\000o\000d\000y\000.\000c\000p\000p\000\040\000F\000i\000l\000e\000\040\000R\000e\000f\000e\000r\000e\000n\000c\000e}{section.7}% 237
\BOOKMARK [2][-]{subsection.7.12}{\376\377\000b\000o\000d\000y\000.\000h\000\040\000F\000i\000l\000e\000\040\000R\000e\000f\000e\000r\000e\000n\000c\000e}{section.7}% 238
\BOOKMARK [2][-]{subsection.7.13}{\376\377\000b\000o\000d\000y\000f\000l\000e\000x\000.\000c\000p\000p\000\040\000F\000i\000l\000e\000\040\000R\000e\000f\000e\000r\000e\000n\000c\000e}{section.7}% 239
\BOOKMARK [2][-]{subsection.7.14}{\376\377\000b\000o\000d\000y\000f\000l\000e\000x\000.\000h\000\040\000F\000i\000l\000e\000\040\000R\000e\000f\000e\000r\000e\000n\000c\000e}{section.7}% 240
\BOOKMARK [2][-]{subsection.7.15}{\376\377\000b\000o\000d\000y\000f\000l\000e\000x\000g\000l\000o\000b\000a\000l\000g\000a\000l\000e\000r\000k\000i\000n\000.\000c\000p\000p\000\040\000F\000i\000l\000e\000\040\000R\000e\000f\000e\000r\000e\000n\000c\000e}{section.7}% 241
\BOOKMARK [2][-]{subsection.7.16}{\376\377\000b\000o\000d\000y\000f\000l\000e\000x\000g\000l\000o\000b\000a\000l\000g\000a\000l\000e\000r\000k\000i\000n\000.\000h\000\040\000F\000i\000l\000e\000\040\000R\000e\000f\000e\000r\000e\000n\000c\000e}{section.7}% 242
\BOOKMARK [2][-]{subsection.7.17}{\376\377\000b\000o\000d\000y\000r\000i\000g\000i\000d\000.\000c\000p\000p\000\040\000F\000i\000l\000e\000\040\000R\000e\000f\000e\000r\000e\000n\000c\000e}{section.7}% 243
\BOOKMARK [2][-]{subsection.7.18}{\376\377\000b\000o\000d\000y\000r\000i\000g\000i\000d\000.\000h\000\040\000F\000i\000l\000e\000\040\000R\000e\000f\000e\000r\000e\000n\000c\000e}{section.7}% 244
\BOOKMARK [2][-]{subsection.7.19}{\376\377\000b\000o\000d\000y\000r\000i\000g\000i\000d\0000\000D\000.\000c\000p\000p\000\040\000F\000i\000l\000e\000\040\000R\000e\000f\000e\000r\000e\000n\000c\000e}{section.7}% 245
\BOOKMARK [2][-]{subsection.7.20}{\376\377\000b\000o\000d\000y\000r\000i\000g\000i\000d\0000\000D\000.\000h\000\040\000F\000i\000l\000e\000\040\000R\000e\000f\000e\000r\000e\000n\000c\000e}{section.7}% 246
\BOOKMARK [2][-]{subsection.7.21}{\376\377\000b\000o\000d\000y\000r\000i\000g\000i\000d\0001\000D\000.\000c\000p\000p\000\040\000F\000i\000l\000e\000\040\000R\000e\000f\000e\000r\000e\000n\000c\000e}{section.7}% 247
\BOOKMARK [2][-]{subsection.7.22}{\376\377\000b\000o\000d\000y\000r\000i\000g\000i\000d\0001\000D\000.\000h\000\040\000F\000i\000l\000e\000\040\000R\000e\000f\000e\000r\000e\000n\000c\000e}{section.7}% 248
\BOOKMARK [2][-]{subsection.7.23}{\376\377\000b\000o\000d\000y\000r\000i\000g\000i\000d\0001\000D\000\137\000b\000a\000d\000\137\0001\000.\000c\000p\000p\000\040\000F\000i\000l\000e\000\040\000R\000e\000f\000e\000r\000e\000n\000c\000e}{section.7}% 249
\BOOKMARK [2][-]{subsection.7.24}{\376\377\000b\000o\000d\000y\000r\000i\000g\000i\000d\0001\000D\000\137\000b\000a\000d\000\137\0001\000.\000h\000\040\000F\000i\000l\000e\000\040\000R\000e\000f\000e\000r\000e\000n\000c\000e}{section.7}% 250
\BOOKMARK [2][-]{subsection.7.25}{\376\377\000b\000o\000d\000y\000r\000i\000g\000i\000d\0002\000D\000.\000c\000p\000p\000\040\000F\000i\000l\000e\000\040\000R\000e\000f\000e\000r\000e\000n\000c\000e}{section.7}% 251
\BOOKMARK [2][-]{subsection.7.26}{\376\377\000b\000o\000d\000y\000r\000i\000g\000i\000d\0002\000D\000.\000h\000\040\000F\000i\000l\000e\000\040\000R\000e\000f\000e\000r\000e\000n\000c\000e}{section.7}% 252
\BOOKMARK [2][-]{subsection.7.27}{\376\377\000b\000o\000d\000y\000r\000i\000g\000i\000d\0003\000D\000.\000c\000p\000p\000\040\000F\000i\000l\000e\000\040\000R\000e\000f\000e\000r\000e\000n\000c\000e}{section.7}% 253
\BOOKMARK [2][-]{subsection.7.28}{\376\377\000b\000o\000d\000y\000r\000i\000g\000i\000d\0003\000D\000.\000h\000\040\000F\000i\000l\000e\000\040\000R\000e\000f\000e\000r\000e\000n\000c\000e}{section.7}% 254
\BOOKMARK [2][-]{subsection.7.29}{\376\377\000b\000o\000d\000y\000t\000h\000e\000r\000m\000a\000l\000.\000c\000p\000p\000\040\000F\000i\000l\000e\000\040\000R\000e\000f\000e\000r\000e\000n\000c\000e}{section.7}% 255
\BOOKMARK [2][-]{subsection.7.30}{\376\377\000b\000o\000d\000y\000t\000h\000e\000r\000m\000a\000l\000.\000h\000\040\000F\000i\000l\000e\000\040\000R\000e\000f\000e\000r\000e\000n\000c\000e}{section.7}% 256
\BOOKMARK [2][-]{subsection.7.31}{\376\377\000c\000e\000l\000l\000.\000c\000p\000p\000\040\000F\000i\000l\000e\000\040\000R\000e\000f\000e\000r\000e\000n\000c\000e}{section.7}% 257
\BOOKMARK [2][-]{subsection.7.32}{\376\377\000c\000e\000l\000l\000.\000h\000\040\000F\000i\000l\000e\000\040\000R\000e\000f\000e\000r\000e\000n\000c\000e}{section.7}% 258
\BOOKMARK [3][-]{subsubsection.7.32.1}{\376\377\000D\000e\000t\000a\000i\000l\000e\000d\000\040\000D\000e\000s\000c\000r\000i\000p\000t\000i\000o\000n}{subsection.7.32}% 259
\BOOKMARK [2][-]{subsection.7.33}{\376\377\000c\000e\000l\000l\000r\000e\000c\000t\000.\000c\000p\000p\000\040\000F\000i\000l\000e\000\040\000R\000e\000f\000e\000r\000e\000n\000c\000e}{section.7}% 260
\BOOKMARK [2][-]{subsection.7.34}{\376\377\000c\000e\000l\000l\000r\000e\000c\000t\000.\000h\000\040\000F\000i\000l\000e\000\040\000R\000e\000f\000e\000r\000e\000n\000c\000e}{section.7}% 261
\BOOKMARK [3][-]{subsubsection.7.34.1}{\376\377\000D\000e\000t\000a\000i\000l\000e\000d\000\040\000D\000e\000s\000c\000r\000i\000p\000t\000i\000o\000n}{subsection.7.34}% 262
\BOOKMARK [2][-]{subsection.7.35}{\376\377\000c\000e\000l\000l\000t\000e\000t\000r\000a\000h\000e\000d\000r\000o\000n\000.\000c\000p\000p\000\040\000F\000i\000l\000e\000\040\000R\000e\000f\000e\000r\000e\000n\000c\000e}{section.7}% 263
\BOOKMARK [2][-]{subsection.7.36}{\376\377\000c\000e\000l\000l\000t\000e\000t\000r\000a\000h\000e\000d\000r\000o\000n\000.\000h\000\040\000F\000i\000l\000e\000\040\000R\000e\000f\000e\000r\000e\000n\000c\000e}{section.7}% 264
\BOOKMARK [3][-]{subsubsection.7.36.1}{\376\377\000D\000e\000t\000a\000i\000l\000e\000d\000\040\000D\000e\000s\000c\000r\000i\000p\000t\000i\000o\000n}{subsection.7.36}% 265
\BOOKMARK [2][-]{subsection.7.37}{\376\377\000c\000e\000l\000l\000t\000r\000i\000a\000n\000g\000.\000c\000p\000p\000\040\000F\000i\000l\000e\000\040\000R\000e\000f\000e\000r\000e\000n\000c\000e}{section.7}% 266
\BOOKMARK [2][-]{subsection.7.38}{\376\377\000c\000e\000l\000l\000t\000r\000i\000a\000n\000g\000.\000h\000\040\000F\000i\000l\000e\000\040\000R\000e\000f\000e\000r\000e\000n\000c\000e}{section.7}% 267
\BOOKMARK [3][-]{subsubsection.7.38.1}{\376\377\000D\000e\000t\000a\000i\000l\000e\000d\000\040\000D\000e\000s\000c\000r\000i\000p\000t\000i\000o\000n}{subsection.7.38}% 268
\BOOKMARK [2][-]{subsection.7.39}{\376\377\000c\000o\000m\000m\000o\000n\000.\000h\000\040\000F\000i\000l\000e\000\040\000R\000e\000f\000e\000r\000e\000n\000c\000e}{section.7}% 269
\BOOKMARK [2][-]{subsection.7.40}{\376\377\000c\000o\000m\000p\000b\000a\000r\000.\000c\000p\000p\000\040\000F\000i\000l\000e\000\040\000R\000e\000f\000e\000r\000e\000n\000c\000e}{section.7}% 270
\BOOKMARK [2][-]{subsection.7.41}{\376\377\000c\000o\000m\000p\000b\000a\000r\000.\000h\000\040\000F\000i\000l\000e\000\040\000R\000e\000f\000e\000r\000e\000n\000c\000e}{section.7}% 271
\BOOKMARK [2][-]{subsection.7.42}{\376\377\000c\000o\000n\000s\000t\000r\000a\000i\000n\000t\000.\000c\000p\000p\000\040\000F\000i\000l\000e\000\040\000R\000e\000f\000e\000r\000e\000n\000c\000e}{section.7}% 272
\BOOKMARK [2][-]{subsection.7.43}{\376\377\000c\000o\000n\000s\000t\000r\000a\000i\000n\000t\000.\000h\000\040\000F\000i\000l\000e\000\040\000R\000e\000f\000e\000r\000e\000n\000c\000e}{section.7}% 273
\BOOKMARK [2][-]{subsection.7.44}{\376\377\000c\000o\000n\000s\000t\000r\000a\000i\000n\000t\000c\000l\000e\000a\000r\000a\000n\000c\000e\000.\000c\000p\000p\000\040\000F\000i\000l\000e\000\040\000R\000e\000f\000e\000r\000e\000n\000c\000e}{section.7}% 274
\BOOKMARK [2][-]{subsection.7.45}{\376\377\000c\000o\000n\000s\000t\000r\000a\000i\000n\000t\000c\000l\000e\000a\000r\000a\000n\000c\000e\000.\000h\000\040\000F\000i\000l\000e\000\040\000R\000e\000f\000e\000r\000e\000n\000c\000e}{section.7}% 275
\BOOKMARK [2][-]{subsection.7.46}{\376\377\000c\000o\000n\000s\000t\000r\000a\000i\000n\000t\000c\000o\000n\000t\000a\000c\000t\000.\000c\000p\000p\000\040\000F\000i\000l\000e\000\040\000R\000e\000f\000e\000r\000e\000n\000c\000e}{section.7}% 276
\BOOKMARK [2][-]{subsection.7.47}{\376\377\000c\000o\000n\000s\000t\000r\000a\000i\000n\000t\000c\000o\000n\000t\000a\000c\000t\000.\000h\000\040\000F\000i\000l\000e\000\040\000R\000e\000f\000e\000r\000e\000n\000c\000e}{section.7}% 277
\BOOKMARK [2][-]{subsection.7.48}{\376\377\000c\000o\000n\000s\000t\000r\000a\000i\000n\000t\000d\000i\000s\000t\000a\000n\000c\000e\000.\000c\000p\000p\000\040\000F\000i\000l\000e\000\040\000R\000e\000f\000e\000r\000e\000n\000c\000e}{section.7}% 278
\BOOKMARK [2][-]{subsection.7.49}{\376\377\000c\000o\000n\000s\000t\000r\000a\000i\000n\000t\000d\000i\000s\000t\000a\000n\000c\000e\000.\000h\000\040\000F\000i\000l\000e\000\040\000R\000e\000f\000e\000r\000e\000n\000c\000e}{section.7}% 279
\BOOKMARK [2][-]{subsection.7.50}{\376\377\000c\000o\000n\000s\000t\000r\000a\000i\000n\000t\000f\000i\000x\000e\000d\000a\000x\000i\000s\000.\000c\000p\000p\000\040\000F\000i\000l\000e\000\040\000R\000e\000f\000e\000r\000e\000n\000c\000e}{section.7}% 280
\BOOKMARK [2][-]{subsection.7.51}{\376\377\000c\000o\000n\000s\000t\000r\000a\000i\000n\000t\000f\000i\000x\000e\000d\000a\000x\000i\000s\000.\000h\000\040\000F\000i\000l\000e\000\040\000R\000e\000f\000e\000r\000e\000n\000c\000e}{section.7}% 281
\BOOKMARK [2][-]{subsection.7.52}{\376\377\000c\000o\000n\000s\000t\000r\000a\000i\000n\000t\000f\000i\000x\000e\000d\000c\000o\000o\000r\000d\000i\000n\000a\000t\000e\000s\000.\000c\000p\000p\000\040\000F\000i\000l\000e\000\040\000R\000e\000f\000e\000r\000e\000n\000c\000e}{section.7}% 282
\BOOKMARK [2][-]{subsection.7.53}{\376\377\000c\000o\000n\000s\000t\000r\000a\000i\000n\000t\000f\000i\000x\000e\000d\000c\000o\000o\000r\000d\000i\000n\000a\000t\000e\000s\000.\000h\000\040\000F\000i\000l\000e\000\040\000R\000e\000f\000e\000r\000e\000n\000c\000e}{section.7}% 283
\BOOKMARK [2][-]{subsection.7.54}{\376\377\000d\000i\000c\000t\000i\000o\000n\000a\000r\000y\000.\000h\000\040\000F\000i\000l\000e\000\040\000R\000e\000f\000e\000r\000e\000n\000c\000e}{section.7}% 284
\BOOKMARK [2][-]{subsection.7.55}{\376\377\000e\000l\000e\000m\000t\000e\000t\000r\000a\000h\000e\000d\000r\000o\000n\000.\000c\000p\000p\000\040\000F\000i\000l\000e\000\040\000R\000e\000f\000e\000r\000e\000n\000c\000e}{section.7}% 285
\BOOKMARK [2][-]{subsection.7.56}{\376\377\000e\000l\000e\000m\000t\000e\000t\000r\000a\000h\000e\000d\000r\000o\000n\000.\000h\000\040\000F\000i\000l\000e\000\040\000R\000e\000f\000e\000r\000e\000n\000c\000e}{section.7}% 286
\BOOKMARK [2][-]{subsection.7.57}{\376\377\000e\000l\000e\000m\000t\000r\000i\000a\000n\000g\000l\000e\000.\000c\000p\000p\000\040\000F\000i\000l\000e\000\040\000R\000e\000f\000e\000r\000e\000n\000c\000e}{section.7}% 287
\BOOKMARK [2][-]{subsection.7.58}{\376\377\000e\000l\000e\000m\000t\000r\000i\000a\000n\000g\000l\000e\000.\000h\000\040\000F\000i\000l\000e\000\040\000R\000e\000f\000e\000r\000e\000n\000c\000e}{section.7}% 288
\BOOKMARK [2][-]{subsection.7.59}{\376\377\000f\000o\000r\000c\000e\000.\000c\000p\000p\000\040\000F\000i\000l\000e\000\040\000R\000e\000f\000e\000r\000e\000n\000c\000e}{section.7}% 289
\BOOKMARK [2][-]{subsection.7.60}{\376\377\000f\000o\000r\000c\000e\000.\000h\000\040\000F\000i\000l\000e\000\040\000R\000e\000f\000e\000r\000e\000n\000c\000e}{section.7}% 290
\BOOKMARK [2][-]{subsection.7.61}{\376\377\000g\000a\000u\000s\000s\000p\000o\000i\000n\000t\000.\000c\000p\000p\000\040\000F\000i\000l\000e\000\040\000R\000e\000f\000e\000r\000e\000n\000c\000e}{section.7}% 291
\BOOKMARK [2][-]{subsection.7.62}{\376\377\000g\000a\000u\000s\000s\000p\000o\000i\000n\000t\000.\000h\000\040\000F\000i\000l\000e\000\040\000R\000e\000f\000e\000r\000e\000n\000c\000e}{section.7}% 292
\BOOKMARK [3][-]{subsubsection.7.62.1}{\376\377\000D\000e\000t\000a\000i\000l\000e\000d\000\040\000D\000e\000s\000c\000r\000i\000p\000t\000i\000o\000n}{subsection.7.62}% 293
\BOOKMARK [2][-]{subsection.7.63}{\376\377\000g\000e\000n\000e\000r\000a\000l\000c\000o\000n\000t\000a\000c\000t\000.\000c\000p\000p\000\040\000F\000i\000l\000e\000\040\000R\000e\000f\000e\000r\000e\000n\000c\000e}{section.7}% 294
\BOOKMARK [2][-]{subsection.7.64}{\376\377\000g\000e\000n\000e\000r\000a\000l\000c\000o\000n\000t\000a\000c\000t\000.\000h\000\040\000F\000i\000l\000e\000\040\000R\000e\000f\000e\000r\000e\000n\000c\000e}{section.7}% 295
\BOOKMARK [2][-]{subsection.7.65}{\376\377\000l\000o\000a\000d\000.\000c\000p\000p\000\040\000F\000i\000l\000e\000\040\000R\000e\000f\000e\000r\000e\000n\000c\000e}{section.7}% 296
\BOOKMARK [2][-]{subsection.7.66}{\376\377\000l\000o\000a\000d\000.\000h\000\040\000F\000i\000l\000e\000\040\000R\000e\000f\000e\000r\000e\000n\000c\000e}{section.7}% 297
\BOOKMARK [2][-]{subsection.7.67}{\376\377\000m\000a\000t\000e\000r\000i\000a\000l\000.\000c\000p\000p\000\040\000F\000i\000l\000e\000\040\000R\000e\000f\000e\000r\000e\000n\000c\000e}{section.7}% 298
\BOOKMARK [2][-]{subsection.7.68}{\376\377\000m\000a\000t\000e\000r\000i\000a\000l\000.\000h\000\040\000F\000i\000l\000e\000\040\000R\000e\000f\000e\000r\000e\000n\000c\000e}{section.7}% 299
\BOOKMARK [2][-]{subsection.7.69}{\376\377\000m\000k\000n\000i\000x\000.\000c\000p\000p\000\040\000F\000i\000l\000e\000\040\000R\000e\000f\000e\000r\000e\000n\000c\000e}{section.7}% 300
\BOOKMARK [3][-]{subsubsection.7.69.1}{\376\377\000F\000u\000n\000c\000t\000i\000o\000n\000\040\000D\000o\000c\000u\000m\000e\000n\000t\000a\000t\000i\000o\000n}{subsection.7.69}% 301
\BOOKMARK [2][-]{subsection.7.70}{\376\377\000n\000o\000d\000e\000.\000c\000p\000p\000\040\000F\000i\000l\000e\000\040\000R\000e\000f\000e\000r\000e\000n\000c\000e}{section.7}% 302
\BOOKMARK [2][-]{subsection.7.71}{\376\377\000n\000o\000d\000e\000.\000h\000\040\000F\000i\000l\000e\000\040\000R\000e\000f\000e\000r\000e\000n\000c\000e}{section.7}% 303
\BOOKMARK [2][-]{subsection.7.72}{\376\377\000p\000o\000i\000n\000t\000.\000c\000p\000p\000\040\000F\000i\000l\000e\000\040\000R\000e\000f\000e\000r\000e\000n\000c\000e}{section.7}% 304
\BOOKMARK [2][-]{subsection.7.73}{\376\377\000p\000o\000i\000n\000t\000.\000h\000\040\000F\000i\000l\000e\000\040\000R\000e\000f\000e\000r\000e\000n\000c\000e}{section.7}% 305
\BOOKMARK [3][-]{subsubsection.7.73.1}{\376\377\000D\000e\000t\000a\000i\000l\000e\000d\000\040\000D\000e\000s\000c\000r\000i\000p\000t\000i\000o\000n}{subsection.7.73}% 306
\BOOKMARK [2][-]{subsection.7.74}{\376\377\000r\000e\000a\000d\000e\000r\000.\000c\000p\000p\000\040\000F\000i\000l\000e\000\040\000R\000e\000f\000e\000r\000e\000n\000c\000e}{section.7}% 307
\BOOKMARK [2][-]{subsection.7.75}{\376\377\000r\000e\000a\000d\000e\000r\000.\000h\000\040\000F\000i\000l\000e\000\040\000R\000e\000f\000e\000r\000e\000n\000c\000e}{section.7}% 308
\BOOKMARK [2][-]{subsection.7.76}{\376\377\000r\000e\000a\000d\000e\000r\000c\000o\000n\000s\000t\000r\000a\000i\000n\000t\000s\000.\000c\000p\000p\000\040\000F\000i\000l\000e\000\040\000R\000e\000f\000e\000r\000e\000n\000c\000e}{section.7}% 309
\BOOKMARK [2][-]{subsection.7.77}{\376\377\000r\000e\000a\000d\000e\000r\000c\000o\000n\000s\000t\000r\000a\000i\000n\000t\000s\000.\000h\000\040\000F\000i\000l\000e\000\040\000R\000e\000f\000e\000r\000e\000n\000c\000e}{section.7}% 310
\BOOKMARK [2][-]{subsection.7.78}{\376\377\000r\000e\000a\000d\000e\000r\000f\000l\000e\000x\000.\000c\000p\000p\000\040\000F\000i\000l\000e\000\040\000R\000e\000f\000e\000r\000e\000n\000c\000e}{section.7}% 311
\BOOKMARK [2][-]{subsection.7.79}{\376\377\000r\000e\000a\000d\000e\000r\000f\000l\000e\000x\000.\000h\000\040\000F\000i\000l\000e\000\040\000R\000e\000f\000e\000r\000e\000n\000c\000e}{section.7}% 312
\BOOKMARK [2][-]{subsection.7.80}{\376\377\000r\000e\000a\000d\000e\000r\000r\000i\000g\000i\000d\000.\000c\000p\000p\000\040\000F\000i\000l\000e\000\040\000R\000e\000f\000e\000r\000e\000n\000c\000e}{section.7}% 313
\BOOKMARK [2][-]{subsection.7.81}{\376\377\000r\000e\000a\000d\000e\000r\000r\000i\000g\000i\000d\000.\000h\000\040\000F\000i\000l\000e\000\040\000R\000e\000f\000e\000r\000e\000n\000c\000e}{section.7}% 314
\BOOKMARK [2][-]{subsection.7.82}{\376\377\000s\000h\000a\000p\000e\000f\000u\000n\000c\000t\000i\000o\000n\000.\000c\000p\000p\000\040\000F\000i\000l\000e\000\040\000R\000e\000f\000e\000r\000e\000n\000c\000e}{section.7}% 315
\BOOKMARK [2][-]{subsection.7.83}{\376\377\000s\000h\000a\000p\000e\000f\000u\000n\000c\000t\000i\000o\000n\000.\000h\000\040\000F\000i\000l\000e\000\040\000R\000e\000f\000e\000r\000e\000n\000c\000e}{section.7}% 316
\BOOKMARK [3][-]{subsubsection.7.83.1}{\376\377\000D\000e\000t\000a\000i\000l\000e\000d\000\040\000D\000e\000s\000c\000r\000i\000p\000t\000i\000o\000n}{subsection.7.83}% 317
\BOOKMARK [2][-]{subsection.7.84}{\376\377\000s\000h\000a\000p\000e\000f\000u\000n\000c\000t\000i\000o\000n\000l\000i\000n\000e\000a\000r\000.\000c\000p\000p\000\040\000F\000i\000l\000e\000\040\000R\000e\000f\000e\000r\000e\000n\000c\000e}{section.7}% 318
\BOOKMARK [2][-]{subsection.7.85}{\376\377\000s\000h\000a\000p\000e\000f\000u\000n\000c\000t\000i\000o\000n\000l\000i\000n\000e\000a\000r\000.\000h\000\040\000F\000i\000l\000e\000\040\000R\000e\000f\000e\000r\000e\000n\000c\000e}{section.7}% 319
\BOOKMARK [2][-]{subsection.7.86}{\376\377\000s\000h\000a\000p\000e\000f\000u\000n\000c\000t\000i\000o\000n\000M\000L\000S\000.\000c\000p\000p\000\040\000F\000i\000l\000e\000\040\000R\000e\000f\000e\000r\000e\000n\000c\000e}{section.7}% 320
\BOOKMARK [2][-]{subsection.7.87}{\376\377\000s\000h\000a\000p\000e\000f\000u\000n\000c\000t\000i\000o\000n\000M\000L\000S\000.\000h\000\040\000F\000i\000l\000e\000\040\000R\000e\000f\000e\000r\000e\000n\000c\000e}{section.7}% 321
\BOOKMARK [3][-]{subsubsection.7.87.1}{\376\377\000D\000e\000t\000a\000i\000l\000e\000d\000\040\000D\000e\000s\000c\000r\000i\000p\000t\000i\000o\000n}{subsection.7.87}% 322
\BOOKMARK [2][-]{subsection.7.88}{\376\377\000s\000h\000a\000p\000e\000f\000u\000n\000c\000t\000i\000o\000n\000R\000B\000F\000.\000c\000p\000p\000\040\000F\000i\000l\000e\000\040\000R\000e\000f\000e\000r\000e\000n\000c\000e}{section.7}% 323
\BOOKMARK [2][-]{subsection.7.89}{\376\377\000s\000h\000a\000p\000e\000f\000u\000n\000c\000t\000i\000o\000n\000R\000B\000F\000.\000h\000\040\000F\000i\000l\000e\000\040\000R\000e\000f\000e\000r\000e\000n\000c\000e}{section.7}% 324
\BOOKMARK [3][-]{subsubsection.7.89.1}{\376\377\000D\000e\000t\000a\000i\000l\000e\000d\000\040\000D\000e\000s\000c\000r\000i\000p\000t\000i\000o\000n}{subsection.7.89}% 325
\BOOKMARK [2][-]{subsection.7.90}{\376\377\000s\000h\000a\000p\000e\000f\000u\000n\000c\000t\000i\000o\000n\000r\000i\000g\000i\000d\000b\000a\000r\000.\000c\000p\000p\000\040\000F\000i\000l\000e\000\040\000R\000e\000f\000e\000r\000e\000n\000c\000e}{section.7}% 326
\BOOKMARK [2][-]{subsection.7.91}{\376\377\000s\000h\000a\000p\000e\000f\000u\000n\000c\000t\000i\000o\000n\000r\000i\000g\000i\000d\000b\000a\000r\000.\000h\000\040\000F\000i\000l\000e\000\040\000R\000e\000f\000e\000r\000e\000n\000c\000e}{section.7}% 327
\BOOKMARK [2][-]{subsection.7.92}{\376\377\000s\000h\000a\000p\000e\000f\000u\000n\000c\000t\000i\000o\000n\000t\000e\000t\000r\000a\000h\000e\000d\000r\000o\000n\000.\000c\000p\000p\000\040\000F\000i\000l\000e\000\040\000R\000e\000f\000e\000r\000e\000n\000c\000e}{section.7}% 328
\BOOKMARK [2][-]{subsection.7.93}{\376\377\000s\000h\000a\000p\000e\000f\000u\000n\000c\000t\000i\000o\000n\000t\000e\000t\000r\000a\000h\000e\000d\000r\000o\000n\000.\000h\000\040\000F\000i\000l\000e\000\040\000R\000e\000f\000e\000r\000e\000n\000c\000e}{section.7}% 329
\BOOKMARK [2][-]{subsection.7.94}{\376\377\000s\000h\000a\000p\000e\000f\000u\000n\000c\000t\000i\000o\000n\000t\000r\000i\000a\000n\000g\000l\000e\000.\000c\000p\000p\000\040\000F\000i\000l\000e\000\040\000R\000e\000f\000e\000r\000e\000n\000c\000e}{section.7}% 330
\BOOKMARK [2][-]{subsection.7.95}{\376\377\000s\000h\000a\000p\000e\000f\000u\000n\000c\000t\000i\000o\000n\000t\000r\000i\000a\000n\000g\000l\000e\000.\000h\000\040\000F\000i\000l\000e\000\040\000R\000e\000f\000e\000r\000e\000n\000c\000e}{section.7}% 331
\BOOKMARK [2][-]{subsection.7.96}{\376\377\000s\000h\000a\000p\000e\000f\000u\000n\000c\000t\000i\000o\000n\000t\000r\000i\000a\000n\000g\000l\000e\0003\000D\000.\000c\000p\000p\000\040\000F\000i\000l\000e\000\040\000R\000e\000f\000e\000r\000e\000n\000c\000e}{section.7}% 332
\BOOKMARK [2][-]{subsection.7.97}{\376\377\000s\000h\000a\000p\000e\000f\000u\000n\000c\000t\000i\000o\000n\000t\000r\000i\000a\000n\000g\000l\000e\0003\000D\000.\000h\000\040\000F\000i\000l\000e\000\040\000R\000e\000f\000e\000r\000e\000n\000c\000e}{section.7}% 333
\BOOKMARK [2][-]{subsection.7.98}{\376\377\000s\000i\000m\000u\000l\000a\000t\000i\000o\000n\000.\000c\000p\000p\000\040\000F\000i\000l\000e\000\040\000R\000e\000f\000e\000r\000e\000n\000c\000e}{section.7}% 334
\BOOKMARK [2][-]{subsection.7.99}{\376\377\000s\000i\000m\000u\000l\000a\000t\000i\000o\000n\000.\000h\000\040\000F\000i\000l\000e\000\040\000R\000e\000f\000e\000r\000e\000n\000c\000e}{section.7}% 335
\BOOKMARK [2][-]{subsection.7.100}{\376\377\000s\000y\000s\000t\000e\000m\000.\000c\000p\000p\000\040\000F\000i\000l\000e\000\040\000R\000e\000f\000e\000r\000e\000n\000c\000e}{section.7}% 336
\BOOKMARK [2][-]{subsection.7.101}{\376\377\000s\000y\000s\000t\000e\000m\000.\000h\000\040\000F\000i\000l\000e\000\040\000R\000e\000f\000e\000r\000e\000n\000c\000e}{section.7}% 337
\BOOKMARK [2][-]{subsection.7.102}{\376\377\000t\000h\000e\000r\000m\000a\000l\000l\000o\000a\000d\000.\000c\000p\000p\000\040\000F\000i\000l\000e\000\040\000R\000e\000f\000e\000r\000e\000n\000c\000e}{section.7}% 338
\BOOKMARK [2][-]{subsection.7.103}{\376\377\000t\000h\000e\000r\000m\000a\000l\000l\000o\000a\000d\000.\000h\000\040\000F\000i\000l\000e\000\040\000R\000e\000f\000e\000r\000e\000n\000c\000e}{section.7}% 339
\BOOKMARK [0][-]{section*.355}{\376\377\000I\000n\000d\000e\000x}{}% 340
