This file contains any messages produced by compilers while
running configure, to aid debugging if configure makes a mistake.

It was created by configure, which was
generated by GNU Autoconf 2.61.  Invocation command line was

  $ ./configure 

## --------- ##
## Platform. ##
## --------- ##

hostname = DaniBook.local
uname -m = i386
uname -r = 11.2.0
uname -s = Darwin
uname -v = Darwin Kernel Version 11.2.0: Tue Aug  9 20:56:15 PDT 2011; root:xnu-1699.24.8~1/RELEASE_I386

/usr/bin/uname -p = i386
/bin/uname -X     = unknown

/bin/arch              = unknown
/usr/bin/arch -k       = unknown
/usr/convex/getsysinfo = unknown
/usr/bin/hostinfo      = Mach kernel version:
	 Darwin Kernel Version 11.2.0: Tue Aug  9 20:56:15 PDT 2011; root:xnu-1699.24.8~1/RELEASE_I386
Kernel configured for up to 2 processors.
2 processors are physically available.
2 processors are logically available.
Processor type: i486 (Intel 80486)
Processors active: 0 1
Primary memory available: 4.00 gigabytes
Default processor set: 104 tasks, 447 threads, 2 processors
Load average: 1.27, Mach factor: 0.86
/bin/machine           = unknown
/usr/bin/oslevel       = unknown
/bin/universe          = unknown

PATH: /Library/Frameworks/GTK+.framework/Resources/
PATH: /usr/local/bin
PATH: /Users/dani/bin
PATH: /opt/local/bin
PATH: /opt/local/sbin
PATH: /Users/dani/Programs/Distributions
PATH: /Library/Frameworks/Python.framework/Versions/Current/bin
PATH: /usr/bin
PATH: /bin
PATH: /usr/sbin
PATH: /sbin
PATH: /usr/local/bin
PATH: /usr/X11/bin


## ----------- ##
## Core tests. ##
## ----------- ##

configure:1977: checking for a BSD-compatible install
configure:2033: result: /usr/bin/install -c
configure:2044: checking whether build environment is sane
configure:2087: result: yes
configure:2139: checking for gawk
configure:2169: result: no
configure:2139: checking for mawk
configure:2169: result: no
configure:2139: checking for nawk
configure:2169: result: no
configure:2139: checking for awk
configure:2155: found /usr/bin/awk
configure:2166: result: awk
configure:2177: checking whether make sets $(MAKE)
configure:2198: result: yes
configure:2443: checking for cxx
configure:2473: result: no
configure:2443: checking for KCC
configure:2473: result: no
configure:2443: checking for CC
configure:2459: found /usr/bin/CC
configure:2470: result: CC
configure:2501: checking for C++ compiler version
configure:2508: CC --version >&5
i686-apple-darwin11-llvm-gcc-4.2 (GCC) 4.2.1 (Based on Apple Inc. build 5658) (LLVM build 2336.1.00)
Copyright (C) 2007 Free Software Foundation, Inc.
This is free software; see the source for copying conditions.  There is NO
warranty; not even for MERCHANTABILITY or FITNESS FOR A PARTICULAR PURPOSE.

configure:2511: $? = 0
configure:2518: CC -v >&5
Using built-in specs.
Target: i686-apple-darwin11
Configured with: /private/var/tmp/llvmgcc42/llvmgcc42-2336.1~1/src/configure --disable-checking --enable-werror --prefix=/Developer/usr/llvm-gcc-4.2 --mandir=/share/man --enable-languages=c,objc,c++,obj-c++ --program-prefix=llvm- --program-transform-name=/^[cg][^.-]*$/s/$/-4.2/ --with-slibdir=/usr/lib --build=i686-apple-darwin11 --enable-llvm=/private/var/tmp/llvmgcc42/llvmgcc42-2336.1~1/dst-llvmCore/Developer/usr/local --program-prefix=i686-apple-darwin11- --host=x86_64-apple-darwin11 --target=i686-apple-darwin11 --with-gxx-include-dir=/usr/include/c++/4.2.1
Thread model: posix
gcc version 4.2.1 (Based on Apple Inc. build 5658) (LLVM build 2336.1.00)
configure:2521: $? = 0
configure:2528: CC -V >&5
llvm-gcc-4.2: argument to `-V' is missing
configure:2531: $? = 1
configure:2554: checking for C++ compiler default output file name
configure:2581: CC    conftest.cpp  >&5
configure:2584: $? = 0
configure:2622: result: a.out
configure:2639: checking whether the C++ compiler works
configure:2649: ./a.out
configure:2652: $? = 0
configure:2669: result: yes
configure:2676: checking whether we are cross compiling
configure:2678: result: no
configure:2681: checking for suffix of executables
configure:2688: CC -o conftest    conftest.cpp  >&5
configure:2691: $? = 0
configure:2715: result: 
configure:2721: checking for suffix of object files
configure:2747: CC -c   conftest.cpp >&5
configure:2750: $? = 0
configure:2773: result: o
configure:2777: checking whether we are using the GNU C++ compiler
configure:2806: CC -c   conftest.cpp >&5
configure:2812: $? = 0
configure:2829: result: yes
configure:2834: checking whether CC accepts -g
configure:2864: CC -c -g  conftest.cpp >&5
configure:2870: $? = 0
configure:2969: result: yes
configure:3003: checking for style of include used by make
configure:3031: result: GNU
configure:3059: checking dependency style of CC
configure:3149: result: gcc3
configure:3171: checking how to run the C++ preprocessor
configure:3207: CC -E  conftest.cpp
configure:3213: $? = 0
configure:3244: CC -E  conftest.cpp
conftest.cpp:10:28: error: ac_nonexistent.h: No such file or directory
configure:3250: $? = 1
configure: failed program was:
| /* confdefs.h.  */
| #define PACKAGE_NAME ""
| #define PACKAGE_TARNAME ""
| #define PACKAGE_VERSION ""
| #define PACKAGE_STRING ""
| #define PACKAGE_BUGREPORT ""
| #define PACKAGE "gmm"
| #define VERSION "3.0"
| /* end confdefs.h.  */
| #include <ac_nonexistent.h>
configure:3283: result: CC -E
configure:3312: CC -E  conftest.cpp
configure:3318: $? = 0
configure:3349: CC -E  conftest.cpp
conftest.cpp:10:28: error: ac_nonexistent.h: No such file or directory
configure:3355: $? = 1
configure: failed program was:
| /* confdefs.h.  */
| #define PACKAGE_NAME ""
| #define PACKAGE_TARNAME ""
| #define PACKAGE_VERSION ""
| #define PACKAGE_STRING ""
| #define PACKAGE_BUGREPORT ""
| #define PACKAGE "gmm"
| #define VERSION "3.0"
| /* end confdefs.h.  */
| #include <ac_nonexistent.h>
configure:3409: checking whether the compiler recognizes the partial specialization syntax
configure:3445: CC -c   conftest.cpp >&5
configure:3451: $? = 0
configure:3474: result: yes
configure:3487: checking build system type
configure:3505: result: i686-apple-darwin11.2.0
configure:3527: checking host system type
configure:3542: result: i686-apple-darwin11.2.0
configure:3742: checking for gcc
configure:3758: found /usr/bin/gcc
configure:3769: result: gcc
configure:4007: checking for C compiler version
configure:4014: gcc --version >&5
i686-apple-darwin11-llvm-gcc-4.2 (GCC) 4.2.1 (Based on Apple Inc. build 5658) (LLVM build 2336.1.00)
Copyright (C) 2007 Free Software Foundation, Inc.
This is free software; see the source for copying conditions.  There is NO
warranty; not even for MERCHANTABILITY or FITNESS FOR A PARTICULAR PURPOSE.

configure:4017: $? = 0
configure:4024: gcc -v >&5
Using built-in specs.
Target: i686-apple-darwin11
Configured with: /private/var/tmp/llvmgcc42/llvmgcc42-2336.1~1/src/configure --disable-checking --enable-werror --prefix=/Developer/usr/llvm-gcc-4.2 --mandir=/share/man --enable-languages=c,objc,c++,obj-c++ --program-prefix=llvm- --program-transform-name=/^[cg][^.-]*$/s/$/-4.2/ --with-slibdir=/usr/lib --build=i686-apple-darwin11 --enable-llvm=/private/var/tmp/llvmgcc42/llvmgcc42-2336.1~1/dst-llvmCore/Developer/usr/local --program-prefix=i686-apple-darwin11- --host=x86_64-apple-darwin11 --target=i686-apple-darwin11 --with-gxx-include-dir=/usr/include/c++/4.2.1
Thread model: posix
gcc version 4.2.1 (Based on Apple Inc. build 5658) (LLVM build 2336.1.00)
configure:4027: $? = 0
configure:4034: gcc -V >&5
llvm-gcc-4.2: argument to `-V' is missing
configure:4037: $? = 1
configure:4040: checking whether we are using the GNU C compiler
configure:4069: gcc -c   conftest.c >&5
configure:4075: $? = 0
configure:4092: result: yes
configure:4097: checking whether gcc accepts -g
configure:4127: gcc -c -g  conftest.c >&5
configure:4133: $? = 0
configure:4232: result: yes
configure:4249: checking for gcc option to accept ISO C89
configure:4323: gcc  -c -g -O2  conftest.c >&5
configure:4329: $? = 0
configure:4352: result: none needed
configure:4372: checking dependency style of gcc
configure:4462: result: gcc3
configure:4479: checking for a sed that does not truncate output
configure:4535: result: /usr/bin/sed
configure:4538: checking for grep that handles long lines and -e
configure:4612: result: /usr/bin/grep
configure:4617: checking for egrep
configure:4695: result: /usr/bin/grep -E
configure:4711: checking for ld used by gcc
configure:4778: result: /usr/llvm-gcc-4.2/libexec/gcc/i686-apple-darwin11/4.2.1/ld
configure:4787: checking if the linker (/usr/llvm-gcc-4.2/libexec/gcc/i686-apple-darwin11/4.2.1/ld) is GNU ld
configure:4802: result: no
configure:4807: checking for /usr/llvm-gcc-4.2/libexec/gcc/i686-apple-darwin11/4.2.1/ld option to reload object files
configure:4814: result: -r
configure:4832: checking for BSD-compatible nm
configure:4881: result: /usr/bin/nm
configure:4885: checking whether ln -s works
configure:4889: result: yes
configure:4896: checking how to recognize dependent libraries
configure:5082: result: pass_all
configure:5323: checking how to run the C preprocessor
configure:5363: gcc -E  conftest.c
configure:5369: $? = 0
configure:5400: gcc -E  conftest.c
conftest.c:10:28: error: ac_nonexistent.h: No such file or directory
configure:5406: $? = 1
configure: failed program was:
| /* confdefs.h.  */
| #define PACKAGE_NAME ""
| #define PACKAGE_TARNAME ""
| #define PACKAGE_VERSION ""
| #define PACKAGE_STRING ""
| #define PACKAGE_BUGREPORT ""
| #define PACKAGE "gmm"
| #define VERSION "3.0"
| /* end confdefs.h.  */
| #include <ac_nonexistent.h>
configure:5439: result: gcc -E
configure:5468: gcc -E  conftest.c
configure:5474: $? = 0
configure:5505: gcc -E  conftest.c
conftest.c:10:28: error: ac_nonexistent.h: No such file or directory
configure:5511: $? = 1
configure: failed program was:
| /* confdefs.h.  */
| #define PACKAGE_NAME ""
| #define PACKAGE_TARNAME ""
| #define PACKAGE_VERSION ""
| #define PACKAGE_STRING ""
| #define PACKAGE_BUGREPORT ""
| #define PACKAGE "gmm"
| #define VERSION "3.0"
| /* end confdefs.h.  */
| #include <ac_nonexistent.h>
configure:5549: checking for ANSI C header files
configure:5579: gcc -c -g -O2  conftest.c >&5
configure:5585: $? = 0
configure:5684: gcc -o conftest -g -O2   conftest.c  >&5
configure:5687: $? = 0
configure:5693: ./conftest
configure:5696: $? = 0
configure:5713: result: yes
configure:5737: checking for sys/types.h
configure:5758: gcc -c -g -O2  conftest.c >&5
configure:5764: $? = 0
configure:5780: result: yes
configure:5737: checking for sys/stat.h
configure:5758: gcc -c -g -O2  conftest.c >&5
configure:5764: $? = 0
configure:5780: result: yes
configure:5737: checking for stdlib.h
configure:5758: gcc -c -g -O2  conftest.c >&5
configure:5764: $? = 0
configure:5780: result: yes
configure:5737: checking for string.h
configure:5758: gcc -c -g -O2  conftest.c >&5
configure:5764: $? = 0
configure:5780: result: yes
configure:5737: checking for memory.h
configure:5758: gcc -c -g -O2  conftest.c >&5
configure:5764: $? = 0
configure:5780: result: yes
configure:5737: checking for strings.h
configure:5758: gcc -c -g -O2  conftest.c >&5
configure:5764: $? = 0
configure:5780: result: yes
configure:5737: checking for inttypes.h
configure:5758: gcc -c -g -O2  conftest.c >&5
configure:5764: $? = 0
configure:5780: result: yes
configure:5737: checking for stdint.h
configure:5758: gcc -c -g -O2  conftest.c >&5
configure:5764: $? = 0
configure:5780: result: yes
configure:5737: checking for unistd.h
configure:5758: gcc -c -g -O2  conftest.c >&5
configure:5764: $? = 0
configure:5780: result: yes
configure:5807: checking dlfcn.h usability
configure:5824: gcc -c -g -O2  conftest.c >&5
configure:5830: $? = 0
configure:5844: result: yes
configure:5848: checking dlfcn.h presence
configure:5863: gcc -E  conftest.c
configure:5869: $? = 0
configure:5883: result: yes
configure:5911: checking for dlfcn.h
configure:5919: result: yes
configure:5942: checking how to run the C++ preprocessor
configure:6054: result: CC -E
configure:6083: CC -E  conftest.cpp
configure:6089: $? = 0
configure:6120: CC -E  conftest.cpp
conftest.cpp:21:28: error: ac_nonexistent.h: No such file or directory
configure:6126: $? = 1
configure: failed program was:
| /* confdefs.h.  */
| #define PACKAGE_NAME ""
| #define PACKAGE_TARNAME ""
| #define PACKAGE_VERSION ""
| #define PACKAGE_STRING ""
| #define PACKAGE_BUGREPORT ""
| #define PACKAGE "gmm"
| #define VERSION "3.0"
| #define STDC_HEADERS 1
| #define HAVE_SYS_TYPES_H 1
| #define HAVE_SYS_STAT_H 1
| #define HAVE_STDLIB_H 1
| #define HAVE_STRING_H 1
| #define HAVE_MEMORY_H 1
| #define HAVE_STRINGS_H 1
| #define HAVE_INTTYPES_H 1
| #define HAVE_STDINT_H 1
| #define HAVE_UNISTD_H 1
| #define HAVE_DLFCN_H 1
| /* end confdefs.h.  */
| #include <ac_nonexistent.h>
configure:6218: checking for g77
configure:6248: result: no
configure:6218: checking for xlf
configure:6248: result: no
configure:6218: checking for f77
configure:6248: result: no
configure:6218: checking for frt
configure:6248: result: no
configure:6218: checking for pgf77
configure:6248: result: no
configure:6218: checking for cf77
configure:6248: result: no
configure:6218: checking for fort77
configure:6248: result: no
configure:6218: checking for fl32
configure:6248: result: no
configure:6218: checking for af77
configure:6248: result: no
configure:6218: checking for xlf90
configure:6248: result: no
configure:6218: checking for f90
configure:6248: result: no
configure:6218: checking for pgf90
configure:6248: result: no
configure:6218: checking for pghpf
configure:6248: result: no
configure:6218: checking for epcf90
configure:6248: result: no
configure:6218: checking for gfortran
configure:6248: result: no
configure:6218: checking for g95
configure:6248: result: no
configure:6218: checking for xlf95
configure:6248: result: no
configure:6218: checking for f95
configure:6248: result: no
configure:6218: checking for fort
configure:6248: result: no
configure:6218: checking for ifort
configure:6248: result: no
configure:6218: checking for ifc
configure:6248: result: no
configure:6218: checking for efc
configure:6248: result: no
configure:6218: checking for pgf95
configure:6248: result: no
configure:6218: checking for lf95
configure:6248: result: no
configure:6218: checking for ftn
configure:6248: result: no
configure:6275: checking for Fortran 77 compiler version
configure:6282:  --version >&5
./configure: line 6283: --version: command not found
configure:6285: $? = 127
configure:6292:  -v >&5
./configure: line 6293: -v: command not found
configure:6295: $? = 127
configure:6302:  -V >&5
./configure: line 6303: -V: command not found
configure:6305: $? = 127
configure:6313: checking whether we are using the GNU Fortran 77 compiler
configure:6332:  -c  conftest.F >&5
./configure: line 6333: -c: command not found
configure:6338: $? = 127
configure: failed program was:
|       program main
| #ifndef __GNUC__
|        choke me
| #endif
| 
|       end
configure:6355: result: no
configure:6361: checking whether  accepts -g
configure:6378:  -c -g conftest.f >&5
./configure: line 6379: -c: command not found
configure:6384: $? = 127
configure: failed program was:
|       program main
| 
|       end
configure:6400: result: no
configure:6430: checking the maximum length of command line arguments
configure:6539: result: 196608
configure:6550: checking command to parse /usr/bin/nm output from gcc object
configure:6655: CC -c   conftest.cpp >&5
configure:6658: $? = 0
configure:6662: /usr/bin/nm conftest.o \| sed -n -e 's/^.*[ 	]\([BCDEGRST][BCDEGRST]*\)[ 	][ 	]*\([_A-Za-z][_A-Za-z0-9]*\)$/\1 \2 \2/p' \> conftest.nm
configure:6665: $? = 0
cannot find nm_test_var in conftest.nm
configure:6655: CC -c   conftest.cpp >&5
configure:6658: $? = 0
configure:6662: /usr/bin/nm conftest.o \| sed -n -e 's/^.*[ 	]\([BCDEGRST][BCDEGRST]*\)[ 	][ 	]*_\([_A-Za-z][_A-Za-z0-9]*\)$/\1 _\2 \2/p' \> conftest.nm
configure:6665: $? = 0
configure:6717: CC -o conftest    conftest.cpp conftstm.o >&5
configure:6720: $? = 0
configure:6758: result: ok
configure:6762: checking for objdir
configure:6777: result: .libs
configure:6869: checking for ar
configure:6885: found /usr/bin/ar
configure:6896: result: ar
configure:6965: checking for ranlib
configure:6981: found /usr/bin/ranlib
configure:6992: result: ranlib
configure:7061: checking for strip
configure:7077: found /usr/bin/strip
configure:7088: result: strip
configure:7374: checking if gcc supports -fno-rtti -fno-exceptions
configure:7392: gcc -c -g -O2  -fno-rtti -fno-exceptions conftest.c >&5
cc1: warning: command line option "-fno-rtti" is valid for C++/ObjC++ but not for C
configure:7396: $? = 0
configure:7409: result: no
configure:7424: checking for gcc option to produce PIC
configure:7656: result: -fno-common
configure:7664: checking if gcc PIC flag -fno-common works
configure:7682: gcc -c -g -O2  -fno-common -DPIC conftest.c >&5
configure:7686: $? = 0
configure:7699: result: yes
configure:7727: checking if gcc static flag -static works
configure:7755: result: no
configure:7765: checking if gcc supports -c -o file.o
configure:7786: gcc -c -g -O2  -o out/conftest2.o conftest.c >&5
configure:7790: $? = 0
configure:7812: result: yes
configure:7838: checking whether the gcc linker (/usr/llvm-gcc-4.2/libexec/gcc/i686-apple-darwin11/4.2.1/ld) supports shared libraries
configure:8814: result: yes
configure:8881: checking dynamic linker characteristics
configure:9483: result: darwin11.2.0 dyld
configure:9492: checking how to hardcode library paths into programs
configure:9517: result: immediate
configure:9531: checking whether stripping libraries is possible
configure:9545: result: yes
configure:10338: checking if libtool supports shared libraries
configure:10340: result: yes
configure:10343: checking whether to build shared libraries
configure:10364: result: yes
configure:10367: checking whether to build static libraries
configure:10371: result: yes
configure:10463: creating libtool
configure:11051: checking for ld used by CC
configure:11118: result: /usr/llvm-gcc-4.2/libexec/gcc/i686-apple-darwin11/4.2.1/ld
configure:11127: checking if the linker (/usr/llvm-gcc-4.2/libexec/gcc/i686-apple-darwin11/4.2.1/ld) is GNU ld
configure:11142: result: no
configure:11193: checking whether the CC linker (/usr/llvm-gcc-4.2/libexec/gcc/i686-apple-darwin11/4.2.1/ld) supports shared libraries
configure:12163: result: yes
configure:12181: CC -c   conftest.cpp >&5
configure:12184: $? = 0
configure:12336: checking for CC option to produce PIC
configure:12620: result: -fno-common
configure:12628: checking if CC PIC flag -fno-common works
configure:12646: CC -c   -fno-common -DPIC conftest.cpp >&5
configure:12650: $? = 0
configure:12663: result: yes
configure:12691: checking if CC static flag -static works
configure:12719: result: no
configure:12729: checking if CC supports -c -o file.o
configure:12750: CC -c   -o out/conftest2.o conftest.cpp >&5
configure:12754: $? = 0
configure:12776: result: yes
configure:12802: checking whether the CC linker (/usr/llvm-gcc-4.2/libexec/gcc/i686-apple-darwin11/4.2.1/ld) supports shared libraries
configure:12827: result: yes
configure:12894: checking dynamic linker characteristics
configure:13444: result: darwin11.2.0 dyld
configure:13453: checking how to hardcode library paths into programs
configure:13478: result: immediate
configure:19655: checking sys/times.h usability
configure:19672: CC -c   conftest.cpp >&5
configure:19678: $? = 0
configure:19692: result: yes
configure:19696: checking sys/times.h presence
configure:19711: CC -E  conftest.cpp
configure:19717: $? = 0
configure:19731: result: yes
configure:19759: checking for sys/times.h
configure:19767: result: yes
configure:19842: creating ./config.status

## ---------------------- ##
## Running config.status. ##
## ---------------------- ##

This file was extended by config.status, which was
generated by GNU Autoconf 2.61.  Invocation command line was

  CONFIG_FILES    = 
  CONFIG_HEADERS  = 
  CONFIG_LINKS    = 
  CONFIG_COMMANDS = 
  $ ./config.status 

on DaniBook.local

config.status:669: creating Makefile
config.status:669: creating tests/Makefile
config.status:669: creating include/Makefile
config.status:669: creating gmm-config
config.status:804: WARNING:  gmm-config.in seems to ignore the --datarootdir setting
config.status:669: creating config.h
config.status:937: executing depfiles commands

## ---------------- ##
## Cache variables. ##
## ---------------- ##

ac_cv_build=i686-apple-darwin11.2.0
ac_cv_c_compiler_gnu=yes
ac_cv_cxx_compiler_gnu=yes
ac_cv_cxx_partial_specialization_syntax=yes
ac_cv_env_CCC_set=
ac_cv_env_CCC_value=
ac_cv_env_CC_set=
ac_cv_env_CC_value=
ac_cv_env_CFLAGS_set=
ac_cv_env_CFLAGS_value=
ac_cv_env_CPPFLAGS_set=
ac_cv_env_CPPFLAGS_value=
ac_cv_env_CPP_set=
ac_cv_env_CPP_value=
ac_cv_env_CXXCPP_set=
ac_cv_env_CXXCPP_value=
ac_cv_env_CXXFLAGS_set=
ac_cv_env_CXXFLAGS_value=
ac_cv_env_CXX_set=
ac_cv_env_CXX_value=
ac_cv_env_F77_set=
ac_cv_env_F77_value=
ac_cv_env_FFLAGS_set=
ac_cv_env_FFLAGS_value=
ac_cv_env_LDFLAGS_set=
ac_cv_env_LDFLAGS_value=
ac_cv_env_LIBS_set=
ac_cv_env_LIBS_value=
ac_cv_env_build_alias_set=
ac_cv_env_build_alias_value=
ac_cv_env_host_alias_set=
ac_cv_env_host_alias_value=
ac_cv_env_target_alias_set=
ac_cv_env_target_alias_value=
ac_cv_f77_compiler_gnu=no
ac_cv_header_dlfcn_h=yes
ac_cv_header_inttypes_h=yes
ac_cv_header_memory_h=yes
ac_cv_header_stdc=yes
ac_cv_header_stdint_h=yes
ac_cv_header_stdlib_h=yes
ac_cv_header_string_h=yes
ac_cv_header_strings_h=yes
ac_cv_header_sys_stat_h=yes
ac_cv_header_sys_times_h=yes
ac_cv_header_sys_types_h=yes
ac_cv_header_unistd_h=yes
ac_cv_host=i686-apple-darwin11.2.0
ac_cv_objext=o
ac_cv_path_EGREP='/usr/bin/grep -E'
ac_cv_path_GREP=/usr/bin/grep
ac_cv_path_install='/usr/bin/install -c'
ac_cv_prog_AWK=awk
ac_cv_prog_CPP='gcc -E'
ac_cv_prog_CXXCPP='CC -E'
ac_cv_prog_ac_ct_AR=ar
ac_cv_prog_ac_ct_CC=gcc
ac_cv_prog_ac_ct_CXX=CC
ac_cv_prog_ac_ct_RANLIB=ranlib
ac_cv_prog_ac_ct_STRIP=strip
ac_cv_prog_cc_c89=
ac_cv_prog_cc_g=yes
ac_cv_prog_cxx_g=yes
ac_cv_prog_f77_g=no
ac_cv_prog_make_make_set=yes
am_cv_CC_dependencies_compiler_type=gcc3
am_cv_CXX_dependencies_compiler_type=gcc3
lt_cv_deplibs_check_method=pass_all
lt_cv_file_magic_cmd='$MAGIC_CMD'
lt_cv_file_magic_test_file=
lt_cv_ld_reload_flag=-r
lt_cv_objdir=.libs
lt_cv_path_LD=/usr/llvm-gcc-4.2/libexec/gcc/i686-apple-darwin11/4.2.1/ld
lt_cv_path_LDCXX=/usr/llvm-gcc-4.2/libexec/gcc/i686-apple-darwin11/4.2.1/ld
lt_cv_path_NM=/usr/bin/nm
lt_cv_path_SED=/usr/bin/sed
lt_cv_prog_compiler_c_o=yes
lt_cv_prog_compiler_c_o_CXX=yes
lt_cv_prog_compiler_rtti_exceptions=no
lt_cv_prog_gnu_ld=no
lt_cv_prog_gnu_ldcxx=no
lt_cv_sys_global_symbol_pipe='sed -n -e '\''s/^.*[ 	]\([BCDEGRST][BCDEGRST]*\)[ 	][ 	]*_\([_A-Za-z][_A-Za-z0-9]*\)$/\1 _\2 \2/p'\'''
lt_cv_sys_global_symbol_to_c_name_address='sed -n -e '\''s/^: \([^ ]*\) $/  {\"\1\", (lt_ptr) 0},/p'\'' -e '\''s/^[BCDEGRST] \([^ ]*\) \([^ ]*\)$/  {"\2", (lt_ptr) \&\2},/p'\'''
lt_cv_sys_global_symbol_to_cdecl='sed -n -e '\''s/^. .* \(.*\)$/extern int \1;/p'\'''
lt_cv_sys_max_cmd_len=196608
lt_lt_cv_prog_compiler_c_o='"yes"'
lt_lt_cv_prog_compiler_c_o_CXX='"yes"'
lt_lt_cv_sys_global_symbol_pipe='"sed -n -e '\''s/^.*[ 	]\\([BCDEGRST][BCDEGRST]*\\)[ 	][ 	]*_\\([_A-Za-z][_A-Za-z0-9]*\\)\$/\\1 _\\2 \\2/p'\''"'
lt_lt_cv_sys_global_symbol_to_c_name_address='"sed -n -e '\''s/^: \\([^ ]*\\) \$/  {\\\"\\1\\\", (lt_ptr) 0},/p'\'' -e '\''s/^[BCDEGRST] \\([^ ]*\\) \\([^ ]*\\)\$/  {\"\\2\", (lt_ptr) \\&\\2},/p'\''"'
lt_lt_cv_sys_global_symbol_to_cdecl='"sed -n -e '\''s/^. .* \\(.*\\)\$/extern int \\1;/p'\''"'

## ----------------- ##
## Output variables. ##
## ----------------- ##

ACLOCAL='${SHELL} /Users/dani/Personal_Libraries/gmm/gmm-3.0/missing --run aclocal-1.9'
AMDEPBACKSLASH='\'
AMDEP_FALSE='#'
AMDEP_TRUE=''
AMTAR='${SHELL} /Users/dani/Personal_Libraries/gmm/gmm-3.0/missing --run tar'
AR='ar'
AUTOCONF='${SHELL} /Users/dani/Personal_Libraries/gmm/gmm-3.0/missing --run autoconf'
AUTOHEADER='${SHELL} /Users/dani/Personal_Libraries/gmm/gmm-3.0/missing --run autoheader'
AUTOMAKE='${SHELL} /Users/dani/Personal_Libraries/gmm/gmm-3.0/missing --run automake-1.9'
AWK='awk'
BUILDDATE='10/16/11,10:12:40'
BUILDER='dani'
CC='gcc'
CCDEPMODE='depmode=gcc3'
CFLAGS='-g -O2'
CONFIGURE_ARGS=''
CPP='gcc -E'
CPPFLAGS=''
CXX='CC'
CXXCPP='CC -E'
CXXDEPMODE='depmode=gcc3'
CXXFLAGS=''
CYGPATH_W='echo'
DEFS='-DHAVE_CONFIG_H'
DEPDIR='.deps'
ECHO='/bin/echo'
ECHO_C='ECHO_N=''
ECHO_T=''
EGREP='/usr/bin/grep -E'
EXEEXT=''
F77=''
FFLAGS=''
GREP='/usr/bin/grep'
INSTALL_DATA='${INSTALL} -m 644'
INSTALL_PROGRAM='${INSTALL}'
INSTALL_SCRIPT='${INSTALL}'
INSTALL_STRIP_PROGRAM='${SHELL} $(install_sh) -c -s'
LDFLAGS=''
LIBOBJS=''
LIBS=''
LIBTOOL='$(SHELL) $(top_builddir)/libtool'
LIBTOOL_DEPS='./ltmain.sh'
LIBTOOL_VERSION_INFO='-version-info 3:0:0'
LN_S='ln -s'
LTLIBOBJS=''
MAKEINFO='${SHELL} /Users/dani/Personal_Libraries/gmm/gmm-3.0/missing --run makeinfo'
OBJEXT='o'
PACKAGE='gmm'
PACKAGE_BUGREPORT=''
PACKAGE_NAME=''
PACKAGE_STRING=''
PACKAGE_TARNAME=''
PACKAGE_VERSION=''
PATH_SEPARATOR=':'
RANLIB='ranlib'
SED='/usr/bin/sed'
SET_MAKE=''
SHELL='/bin/sh'
STRIP='strip'
SUPLDFLAGS=''
VERSION='3.0'
ac_ct_CC='gcc'
ac_ct_CXX='CC'
ac_ct_F77=''
am__fastdepCC_FALSE='#'
am__fastdepCC_TRUE=''
am__fastdepCXX_FALSE='#'
am__fastdepCXX_TRUE=''
am__include='include'
am__leading_dot='.'
am__quote=''
am__tar='${AMTAR} chof - "$$tardir"'
am__untar='${AMTAR} xf -'
bindir='${exec_prefix}/bin'
build='i686-apple-darwin11.2.0'
build_alias=''
build_cpu='i686'
build_os='darwin11.2.0'
build_vendor='apple'
datadir='${datarootdir}'
datarootdir='${prefix}/share'
docdir='${datarootdir}/doc/${PACKAGE}'
dvidir='${docdir}'
exec_prefix='${prefix}'
host='i686-apple-darwin11.2.0'
host_alias=''
host_cpu='i686'
host_os='darwin11.2.0'
host_vendor='apple'
htmldir='${docdir}'
includedir='${prefix}/include'
infodir='${datarootdir}/info'
install_sh='/Users/dani/Personal_Libraries/gmm/gmm-3.0/install-sh'
libdir='${exec_prefix}/lib'
libexecdir='${exec_prefix}/libexec'
localedir='${datarootdir}/locale'
localstatedir='${prefix}/var'
mandir='${datarootdir}/man'
mkdir_p='$(install_sh) -d'
oldincludedir='/usr/include'
pdfdir='${docdir}'
prefix='/usr/local'
program_transform_name='s,x,x,'
psdir='${docdir}'
sbindir='${exec_prefix}/sbin'
sharedstatedir='${prefix}/com'
sysconfdir='${prefix}/etc'
target_alias=''

## ----------- ##
## confdefs.h. ##
## ----------- ##

#define PACKAGE_NAME ""
#define PACKAGE_TARNAME ""
#define PACKAGE_VERSION ""
#define PACKAGE_STRING ""
#define PACKAGE_BUGREPORT ""
#define PACKAGE "gmm"
#define VERSION "3.0"
#define STDC_HEADERS 1
#define HAVE_SYS_TYPES_H 1
#define HAVE_SYS_STAT_H 1
#define HAVE_STDLIB_H 1
#define HAVE_STRING_H 1
#define HAVE_MEMORY_H 1
#define HAVE_STRINGS_H 1
#define HAVE_INTTYPES_H 1
#define HAVE_STDINT_H 1
#define HAVE_UNISTD_H 1
#define HAVE_DLFCN_H 1
#define HAVE_SYS_TIMES_H 1

configure: exit 0
